2025-06-21 09:47:52,529 - WARNING - Erreur select dossier A TRAITER  : EXAMINE command error: BAD [b'expected end of data instead of " TRAITER "']
2025-06-21 09:47:52,653 - WARNING - Erreur select dossier ALLANCE NOTAIRES : EXAMINE command error: BAD [b'expected end of data instead of " NOTAIRES"']
2025-06-21 10:02:43,278 - WARNING - Timeout fetch body mail #254
2025-06-21 10:02:43,369 - WARNING - Erreur fetch headers mail #255 : command: FETCH => unexpected response: b'2JJpiG7tGJmlVkzwFHYfhQBoqM8Nx9aaqBWAOH/'
2025-06-21 10:02:43,369 - WARNING - Erreur fetch headers mail #256 : command: FETCH => unexpected response: b'AAqGG+ilY/K+cZ5Aq0Rt6dadh7GZe6WLiXzFlERx0Ce/1qzawvBHsaRmGAMnirAIIJPY4pTnHP3a'
2025-06-21 10:02:43,369 - WARNING - Erreur fetch headers mail #257 : command: FETCH => unexpected response: b'dhXGMgCj5h9aNnynnNR3EcsiAQMq85+aqY1D7MfLudzk8/KB0/SkxGiAME8VnX2mpdEyb1RiRn5c'
2025-06-21 10:02:43,369 - WARNING - Erreur fetch headers mail #258 : command: FETCH => unexpected response: b'npitCF1li3qCAQDzTggYcjipZSMTQbiTyykrM7Fzwzc9BWrBGsKSnaCzyF8Yweay7iH+zb6OZMC2'
2025-06-21 10:02:43,370 - WARNING - Erreur fetch headers mail #259 : command: FETCH => unexpected response: b'Rcsg5JJyO/4d6uW2oxXDBlVwBxyB/jSGQ3UzTybBbnKkgHrj9KuWcbrAu8tnngj3qQRoW3quCTk8'
2025-06-21 10:02:43,370 - WARNING - Erreur fetch headers mail #260 : command: FETCH => unexpected response: b'1ISx+6cH3qhMpX9qL22eMybJGwBxk8HNZttdvp862rRtIHYR7icYwcZx+NbeFYeYgw44BNUruySU'
2025-06-21 10:02:43,370 - WARNING - Erreur fetch headers mail #261 : command: FETCH => unexpected response: b'eYqgTDLKxJ4b1/OgFqXgwaMbCM+gqtcwJdQsTEqNwM7cnrWbHcXlnITcSh1xgBAOv5CtCzvUvIGa'
2025-06-21 10:02:43,370 - WARNING - Erreur fetch headers mail #262 : command: FETCH => unexpected response: b'EMq7sfMB14pFFEyPpKNEqtKrnzNw+XbnjHf0q1Bci4iPAYsBkZztzU08Ecw2SLuYj1rNCPYTMQQF'
2025-06-21 10:02:43,370 - WARNING - Erreur fetch headers mail #263 : command: FETCH => unexpected response: b'duAOeB9frQSTf2aY7l50cqWGNoXGOn+FSPJmQW7j5XGSW6fl+FTRXBliVucn1FQ3sLyoWgKrMAAr'
2025-06-21 10:02:43,370 - WARNING - Erreur fetch headers mail #264 : command: FETCH => unexpected response: b'N0HP/wCugCePZGhxt+UdqesiyIGyAT2zWQJprWSKG6fe05CLsAwD0OenrUjxXcNwziVBARhV7g/l'
2025-06-21 10:02:43,370 - WARNING - Erreur fetch headers mail #265 : command: FETCH => unexpected response: b'9aYma5+6VD5B71z2u6mTex6LHFua4jD+arcrgk4245+769624Jo5YyyqwGcc1x1kJr3xr9pdwUt5'
2025-06-21 10:02:43,370 - WARNING - Erreur fetch headers mail #266 : command: FETCH => unexpected response: b'ZYQDwQAGx0+taRFY6bQtPSwjkb5WeYKW+TBBGev51q4O44JxTCBGqY/i608bsbgeDRJCHcE4GM1R'
2025-06-21 10:02:43,370 - WARNING - Erreur fetch headers mail #267 : command: FETCH => unexpected response: b'v5kZTamVUecGNSW5BPHA79asyyrFC0uD8vpXMxQ3ms65FLbSokNlchpVk4LKWzgYB7KfSlBalRRs'
2025-06-21 10:02:43,370 - WARNING - Erreur fetch headers mail #268 : command: FETCH => unexpected response: b'aT4cSxna4adZZGQqWMWCeR3z7Vb1LVls51iWISSlQyqHwx5PQY9jWl0PtXN2Gl31zqMV7qU0M5jy'
2025-06-21 10:02:43,371 - WARNING - Erreur fetch headers mail #269 : command: FETCH => unexpected response: b'mVyDjBxwAB1Ndlkkamlp0AghediGluHM+0jDLux8v4VOeWBBzk5I9KcQobAHK8L7Cqd9eR2MLMyv'
2025-06-21 10:02:43,371 - WARNING - Erreur fetch headers mail #270 : command: FETCH => unexpected response: b'l1Y/KM9Pr9ahaswnLUo6jrv2W8kto7bzCmOVfGcgHpj3o0/TVtBhnV33EjK4PSqNvCmo3b3ijiVf'
2025-06-21 10:02:43,371 - WARNING - Erreur fetch headers mail #271 : command: FETCH => unexpected response: b'4jg8YHb6Vs5/iP8ArB0NdUIGLdxwO4kEY28Zo5Ri27Knj2qO9Yx2buhw/lsc++K5WXxR9k/dXJlc'
2025-06-21 10:02:43,371 - WARNING - Erreur fetch headers mail #272 : command: FETCH => unexpected response: b'r/cRcevtWtyoo69uD8gwPak2serEVyw8eaaDjyLz/vhf/iqv23ia0ukDJHcAH+8q/wCNCLaNrGP4'
2025-06-21 10:02:43,371 - WARNING - Erreur fetch headers mail #273 : command: FETCH => unexpected response: b's0ZzwBt96ZG4eJJBnDgMM+9Sfwg07iEyP7oNBG4Y6D0pRxTScnigRBcWMM64eONuc8oDWNdeFre8'
2025-06-21 10:02:43,371 - WARNING - Erreur fetch headers mail #274 : command: FETCH => unexpected response: b'PyvFDxjIhB9/WujHAyelNUfKVHU0mBxJ0D7BeCJNQ8zqdirj1HTd7VueEg0tzeoSf3DoOe/Lfl0q'
2025-06-21 10:02:43,371 - WARNING - Erreur fetch headers mail #275 : command: FETCH => unexpected response: b'tCBdeJ1XH3WdDn1AarfhLK6pr69kmA/8eeuebHEjkjju/Gl/DLGrqsSsNw3DOE7fjWrNpFmv70Q2'
2025-06-21 10:02:43,371 - WARNING - Erreur fetch headers mail #276 : command: FETCH => unexpected response: b'vGN8qxkRiAEODkH7lSWiG20G8vOMz23mjHX7pPP51H4d8sWcepupLzKyEjrw2OnT+GqLRrfalkuU'
2025-06-21 10:02:43,372 - WARNING - Erreur fetch headers mail #277 : command: FETCH => unexpected response: b'tzGF3jOM/Xt+FMv9tww07eqGVQQc5xg56fhUwtUN9HOFGVGOp9/8aGtI31FLvaN0YK5yc9/8aENm'
2025-06-21 10:02:43,372 - WARNING - Erreur fetch headers mail #278 : command: FETCH => unexpected response: b'fo/mQ3FxA0DbY2CCQjAbBIzWu4RTuJVSf4j3qOeWK0R5SrYILNjnOKZHImoWiSRghWOQG4PGR2pm'
2025-06-21 10:02:43,372 - WARNING - Erreur fetch headers mail #279 : command: FETCH => unexpected response: b'Yt3btdKdlwYxgDjnv9aftSG2XzWV/LTq3sKaG+zoUl+Zjz8tPkjS5tyhHDLg5PqKdwsY2u69FpWm'
2025-06-21 10:02:43,372 - WARNING - Erreur fetch headers mail #280 : command: FETCH => unexpected response: b'RXcUSSh5RHhZAvYnrg+lcVaaW/jSVb5Z2sTHmDaF8zoN2c5H97GK2viJaJaeF7VIVCkXS9yf4XPe'
2025-06-21 10:02:43,372 - WARNING - Erreur fetch headers mail #281 : command: FETCH => unexpected response: b'ud8L+I4PD9uYZlmYtIZP3aqRyoHcj0oA3NG8NS6T4mtN+rPKVViEKFcjaw/vGu+PyooLcgf99Vx2'
2025-06-21 10:02:43,372 - WARNING - Erreur fetch headers mail #282 : command: FETCH => unexpected response: b'meJtJ1PUY7j7NdfaVyiuwAwME9A2O5rrwUljikwfmAZc9qQxkhhC7nMcTk8k4Bpyx5++28ejc1Wv'
2025-06-21 10:02:43,372 - WARNING - Erreur fetch headers mail #283 : command: FETCH => unexpected response: b'LKS4J+ZMZB5J9K5s3euWeqwpdXsTwFSzKiLz1x/CO+KAubOp6fY7llkhtk2lmJaNee/WrGlvbGMf'
2025-06-21 10:02:43,372 - WARNING - Erreur fetch headers mail #284 : command: FETCH => unexpected response: b'ZUhxg8x46Z9qIoU1C3Iu18xWXgZxwRz0qWytLSybyLWIx7B/eJGCc9zQIWKaRkJa3Yc/dPf9KxNZ'
2025-06-21 10:02:43,372 - WARNING - Erreur fetch headers mail #285 : command: FETCH => unexpected response: b'd9D0281HzmncP5iwZ2kBmA2g89M+lbwS5FyjNIphA+Ze5PPt9K5z4gRSf8I5dzqwCKsYI758wf40'
2025-06-21 10:02:43,373 - WARNING - Erreur fetch headers mail #286 : command: FETCH => unexpected response: b'wsc3pn2vxNfCRpJ7aOORWZSS4YMeh6ccVF4y0x9LBeG8ZwZVXykG3blSc8H2/Wrng/WbGy067kaG'
2025-06-21 10:02:43,373 - WARNING - Erreur fetch headers mail #287 : command: FETCH => unexpected response: b'YvHEjMVAOSA3vWZPdzeLNfuUgfFvsEqpMApGAqn7ufU0hnda7rUWg2shhhSUgB9iOEzlsdgay0sW'
2025-06-21 10:02:43,373 - WARNING - Erreur fetch headers mail #288 : command: FETCH => unexpected response: b'1e1+0trrQfak8zyi27yt4zt+8OmcdB0rm/HZ1C0vFhuJ0cNCrfKB/ePsPSr9rpmq2uiW961zB5L2'
2025-06-21 10:02:43,373 - WARNING - Erreur fetch headers mail #289 : command: FETCH => unexpected response: b'6yhR97btBx93rg0xk1hrUmgavNpO99Rjt4+JfNIDbsN05xjdjrXVWmosmoRWP2UqJQW35xjg9se1'
2025-06-21 10:02:43,373 - WARNING - Erreur fetch headers mail #290 : command: FETCH => unexpected response: b'cpoOgS6hePqszRNFPGVALENkEDkAY/hNdxcQW1vILx4yZIxgEE5weOmcd6ZDKHiNnsbOTU43YmFV'
2025-06-21 10:02:43,373 - WARNING - Erreur fetch headers mail #291 : command: FETCH => unexpected response: b'Hlqdu7LY6/8AAvTtSaNrQ1Cwkn4U28Su48zdngnn06UeJFa80aSKIgCVEb5v94H+lcd4c1GO2Gr6'
2025-06-21 10:02:43,373 - WARNING - Erreur fetch headers mail #292 : command: FETCH => unexpected response: b'cQ/nz4t1YAbQ3zLk98ZPpSQzqrLxG+pa1PYR2jIkUfmCdZNwb7vGMf7Xr2p3iLxDDoR3m1jnlCBl'
2025-06-21 10:02:43,373 - WARNING - Erreur fetch headers mail #293 : command: FETCH => unexpected response: b'XzArEFsccH3qvomnf2Qi3l1td5FMZMZJPXPQ4HauO1e8bxR4hto4SQGh2fvQF5G5u2atRuS2b1pe'
2025-06-21 10:02:43,373 - WARNING - Erreur fetch headers mail #294 : command: FETCH => unexpected response: b'S6lOl7EjxruEzRqxYDJzgmry3017qMtqrSRBF38OT6dvxqS0sU0nR3ZVAZIAZSpJ3bV7Z/GqmhK1'
2025-06-21 10:02:43,374 - WARNING - Erreur fetch headers mail #295 : command: FETCH => unexpected response: b'zqUl+CPJliIVT94EEDn8jWnKQ2WH1T7J4gttKNv55njMnnFvu8NxjB/u+vesrxfrzW27TfsxHnRq'
2025-06-21 10:02:43,374 - WARNING - Erreur fetch headers mail #296 : command: FETCH => unexpected response: b'4l8zG35umMf7Pr3qzA0epeJ7S/gUqIozH8/Bzhuw4/irG8RRrqnjCC2UceUUbdwCVLntRYa1N/Tt'
2025-06-21 10:02:43,374 - WARNING - Erreur fetch headers mail #297 : command: FETCH => unexpected response: b'mnaF9tBWV3tlm2Dgkhc4z+NGmeIJ72JZf7OkUMDxuJ6HH92sPxBdz28eladZP5W8G3kyAQ33VHJy'
2025-06-21 10:02:43,374 - WARNING - Erreur fetch headers mail #298 : command: FETCH => unexpected response: b'cdas6cL+xiWFp0woI+UZ6nPcU7j5SbR/F/8AaGoxWxtNm/dyZs9FJ6Y9q6ocDd0384rz7w1oNzBq'
2025-06-21 10:02:43,374 - WARNING - Erreur fetch headers mail #299 : command: FETCH => unexpected response: b'kF27wlYywOGOeVI9PevQQG2JuIPHFNEMWiiiqICiiigAooooAKKKKACiiigAooooAKKKKACiiigA'
2025-06-21 10:02:43,374 - WARNING - Erreur fetch headers mail #300 : command: FETCH => unexpected response: b'ooooAKKKKACiiigAooooAKKKKACiiigAooooAKKKKACiiigAooooAKKKKACiiigAooooAKKKKACi'
2025-06-21 10:02:43,376 - WARNING - Erreur select dossier INBOX/QG BÉCASSE  : command: EXAMINE => unexpected response: b'iigAooooAKKKKACiiigAooooAKKKKACiiigAooooAKKKKACiiigAooooAKKKKACiiigAooooAKKK'
2025-06-21 10:02:43,377 - WARNING - Erreur select dossier INBOX/RESA 2025 : command: EXAMINE => unexpected response: b'KACiiigAooooAKKKKACiiigAooooAKKKKACiiigAooooAKKKKACiiigAooooAKKKKACiiigAoooo'
2025-06-21 10:02:43,377 - WARNING - Erreur select dossier INBOX/ASSURANCE MAISON : command: EXAMINE => unexpected response: b'AKKKKACiiigAooooAKKKKACiiigAooooAKKKKACiiigAooooAKKKKACiiigAooooAKKKKACiiigA'
2025-06-21 10:02:43,377 - WARNING - Erreur select dossier INBOX/HOLDING 2024 : command: EXAMINE => unexpected response: b'ooooAKKKKACiiigAooooAKMUUUAFFFFABRRRQBkWGlxwSGPcxkC888dfpT5NUSOQB1bdjPA4/nTp'
2025-06-21 10:02:43,378 - WARNING - Erreur select dossier INBOX/RESA 2024 : command: EXAMINE => unexpected response: b'LyG7jEMb7ip3dCP5/WksLL7NAwO7O7PJHoK8I3uQfYZb1zIzIInO7gndtP8AWtG0tY7SFYoyxVc4'
2025-06-21 10:02:43,378 - WARNING - Erreur select dossier INBOX/HOLDING 2023 : command: EXAMINE => unexpected response: b'3deuanjjUrkk5AzTwpIyBTJuISzelORWz2pwDelLtK8kUBcRkCYLd/So5ZliXJDYzimG5jBkS2bf'
2025-06-21 10:02:43,378 - WARNING - Erreur select dossier INBOX/bureau véritas : command: EXAMINE => unexpected response: b'LyGBB4P+c1WWwluZmknQrkfwkUrhYkS+a8/d2ygMeB5g49e1Xo1YIofG8AZx0zUmAqlAevNKBxTE'
2025-06-21 10:02:43,379 - WARNING - Erreur select dossier INBOX/UBA 2023 : command: EXAMINE => unexpected response: b'IBS0YpaAuFFFFAgoAooxTATbzQxApRUMyE9B3oAxI9V1HVR52lJaLCp2EXQYNu6n7pPGCKqWCfZd'
2025-06-21 10:02:43,379 - WARNING - Erreur select dossier INBOX/CORPS-MORT : command: EXAMINE => unexpected response: b'Qmkt+b6VyZt/+q385245xycZ9qv/AGC4sdJmtbaPfI7BwHYc8jvx6UvhzS202S6mkVle6Ku4LAgH'
2025-06-21 10:02:43,379 - WARNING - Erreur select dossier INBOX/RÉSA 2023 : command: EXAMINE => unexpected response: b'k8Y9zVDsRXWizazJG+pvGnlEmL7MSOvXduB9B09607DTotOhWJGdgoI+Yg9Tn0qy9wsTgTHbvP7v'
2025-06-21 10:02:43,379 - WARNING - Erreur select dossier INBOX/reservation : command: EXAMINE => unexpected response: b'jr/ninodzlj0IqRmb9rW5jNvACC/dx6c9vpS22lpBL5sjMXYhhtPGfyq+i+Up2cjOeacihdzd35N'
2025-06-21 10:02:43,379 - WARNING - Erreur select dossier INBOX/orange : command: EXAMINE => unexpected response: b'IBaKKWgm4UUUUwuFFFFABRRRQAUUUUAFFFFAC0UZpM0ALRRRQAUUUUAJRRRQAtFFFABRRRQAUUUU'
2025-06-21 10:02:43,379 - WARNING - Erreur select dossier INBOX/guide : command: EXAMINE => unexpected response: b'AFFFFABRmiikAZzRijGaRio6mi47AA2eMYoY81WlvLWJiJJSG7jaf8KI9QtnPyy5P+6f8KLlWLSj'
2025-06-21 10:02:43,379 - WARNING - Erreur select dossier INBOX/face book : command: EXAMINE => unexpected response: b'igbs84xUEkrSD90A1Zd/b6jIMRW6MNwP3h6fWi4WMS/sr3QbGS6ga3dI8EhyxOSQvbHrU+lahqsl'
2025-06-21 10:02:43,379 - WARNING - Erreur select dossier INBOX/edf gourette : command: EXAMINE => unexpected response: b'3ZT3i2X2ZkLARB9+CvHU49Km1jRbm60W4VYmNySoRA6gEbh/9fvUmgQ6jbyWsFzbokaIFJDAnhfY'
2025-06-21 10:02:43,379 - WARNING - Erreur select dossier INBOX/dossier sambo : command: EXAMINE => unexpected response: b'1onoBsi/WQ4jU7v9ocZpksV9NyptgPfdV/gdOtJlvQVkwuZP9jCQ/wCkOf8Atme34ir8NpHAiqCx'
2025-06-21 10:02:43,380 - WARNING - Erreur select dossier INBOX/cibourg mateo : command: EXAMINE => unexpected response: b'VQAOfSrHA60mAfpVJBcQAH7ufxpSdgoJxwKPu8mgkM8bqjlnCxSNj7ik08DknsaztSk3TW8SYIZi'
2025-06-21 10:02:43,380 - WARNING - Erreur select dossier INBOX/carnet d adress : command: EXAMINE => unexpected response: b're3SkNEEccl5M02VCsOB344razUNuvkwLH2XPX61LRcGhaSlopkiJnHbNINyhycUnytIMHNOKqCM'
2025-06-21 10:02:43,380 - WARNING - Erreur select dossier INBOX/banque boulange : command: EXAMINE => unexpected response: b'kgVaRSBWWP5jnnnirEcnmIGHQ1iza3ZC+htBMPMMnlBdjdcgYzjFXr/UrTSrVJLyXykLbAdpbk5P'
2025-06-21 10:02:43,380 - WARNING - Erreur select dossier INBOX/affaire maritim : command: EXAMINE => unexpected response: b'Ye1bRVkaLQ5WyB8QeILbWvuJbq0BToTwxzjn+/611cjLHFls7VXtWL4YtZ9O02SK6Ty3MpYDIPGA'
2025-06-21 10:02:43,380 - WARNING - Erreur select dossier INBOX/URSSAF : command: EXAMINE => unexpected response: b'O30qzfFr51S1HmCMkS9tufr9DWM2QxtzFJeLvjKCInK7s7vTmr1hafY7dkU5BbdyfYU6wiMNqkRG'
2025-06-21 10:02:43,380 - WARNING - Erreur select dossier INBOX/UBA 2022 : command: EXAMINE => unexpected response: b'Nuf51KWOwk9azGNiADuVzyfmz/Sn4wcmkxgA+tKRvH0oFuHLHioZrhIBkhjimzXawjYCNwPQg1nR'
2025-06-21 10:02:43,380 - WARNING - Erreur select dossier INBOX/UBA 2021 : command: EXAMINE => unexpected response: b'2EstwsjKQAMcEUBY1ldXVHGcEZpxw3TNChkiRAOgAp6kgcigLGdf6isLiFVJdlDAkcdfr7VXs7Qz'
2025-06-21 10:02:43,380 - WARNING - Erreur select dossier INBOX/UBA 2020 : command: EXAMINE => unexpected response: b'yvPKQBncAp9c1BqaNHqEd0wwsaYJ7d/8a14JVmt4WQ5+QE8e1JjRIoXaFXPyjHNLnHy+lLuBXAPO'
2025-06-21 10:02:43,380 - WARNING - Erreur select dossier INBOX/UBA 2019 : command: EXAMINE => unexpected response: b'KaW+XHenYlsM00mgmo2aixNxS1RlqRmqNmosO4rtxVW4uEiGXDHOcYqR34qrNcrCVDEDfx0NAWK7'
2025-06-21 10:02:43,380 - WARNING - Erreur select dossier INBOX/UBA 2018 : command: EXAMINE => unexpected response: b'apCGxtk/If41G2qwE42SfkP8atgo4zk81GyL1BNFwsNiuVmRvLBHHO6nBlCDOc00k5BHRevtUL30'
2025-06-21 10:02:43,381 - WARNING - Erreur select dossier INBOX/UBA 2017 : command: EXAMINE => unexpected response: b'KzMu8ZHsaBpFXT76W5lUMqBckcA56VDqIDajaqM5Jkz+VaccZjXIHGe9ZilZ9WQqc+UzhvbINSaJ'
2025-06-21 10:02:43,381 - WARNING - Erreur select dossier INBOX/TRASH : command: EXAMINE => unexpected response: b'F8Q7xBz9zH9KTUnMNspHPz4/Q1LaOHeVR/Acfzovo/OhCDOQ2eKBMmsrfyIiuc5bNXFFNA5qVRVW'
2025-06-21 10:02:43,381 - WARNING - Erreur select dossier INBOX/SITE NET : command: EXAMINE => unexpected response: b'M2KoqQCkUVIBQIFFSKKAKeooEKvB461E7xwIZRvIX6VKdxO3A2isHX5ItV0a4s9PbzppNu1cbc4Y'
2025-06-21 10:02:43,381 - WARNING - Erreur select dossier INBOX/SIMRAD : command: EXAMINE => unexpected response: b'E8nA6CqSGMv/ABDa3nmadHHMJpt0AZlG0Mflz1zjNZEEVj4buWnvzcyTsvlsINpXnBGM4PQCp4re'
2025-06-21 10:02:43,381 - WARNING - Erreur select dossier INBOX/RESA 2022 : command: EXAMINE => unexpected response: b'ys9KeyeaQajcQeTHCeQZduNuQMD5iBnOPernhXRLmww93E0c5jZWXepA+bI6ewFVYZZ0/RZmvI72'
2025-06-21 10:02:43,381 - WARNING - Erreur select dossier INBOX/RESA 2021 : command: EXAMINE => unexpected response: b'9dPMjyoEJOMYPqOvJrallS1gZiGKjH1qRy7SgEDZjk0yePzGjxnCZzUsZVVb2U+Yv2cRP8y53bsH'
2025-06-21 10:02:43,381 - WARNING - Erreur select dossier INBOX/RESA 2020 : command: EXAMINE => unexpected response: b'196tRRSAfOVz/s1KoYKBjgCjC9zU2C4rACs2WxmMjOjR/MSRkmtPntSEn8aLDuZqw36D5Da/jupy'
2025-06-21 10:02:43,381 - WARNING - Erreur select dossier INBOX/RESA 2019 : command: EXAMINE => unexpected response: b'/wBp5/5c/wDx6tAb/QUcfxcUWAahcxDO3zMDOOme9UJkvjJ+7+zYyfvbq0GIHSnA5Wiwrmeq6uFG'
2025-06-21 10:02:43,381 - WARNING - Erreur select dossier INBOX/RESA 2018 : command: EXAMINE => unexpected response: b'37D+O+l3akp+b7Jj23VdwSaQsfQUWHcbD5zLmXy+33c1HcXaW5wQx5x0qYEntTXx3NFhXKces207'
2025-06-21 10:02:43,381 - WARNING - Erreur select dossier INBOX/RESA 2017 : command: EXAMINE => unexpected response: b'BVSUZ9QP8auRXCuCVB49aY8ayDqaybjTW8wsgY7iT1FIq5utu27jjbjJ9artarcDdlgD70yyWWKL'
2025-06-21 10:02:43,381 - WARNING - Erreur select dossier INBOX/RESA 2016 : command: EXAMINE => unexpected response: b'btHCgc0T31vAf9Ik2NnBAUmgCsdPAkBt2O7HG88foKsGd7RB9oCkAfwe3XrU0Nytyp2EFc4yARTx'
2025-06-21 10:02:43,381 - WARNING - Erreur select dossier INBOX/RESA 2014 : command: EXAMINE => unexpected response: b'gZUd+DQFjPbXbUf8s5vyH+NA122P/LOb8h/jV0wj3pyIF9aBWKS61bu4UJLz7D/GrUVzHN90OPri'
2025-06-21 10:02:43,381 - WARNING - Erreur select dossier INBOX/RESA  2013 : command: EXAMINE => unexpected response: b'luYlmgaMk4OOn1rHl0yVWzEjNz3YUBY3wDjjFGCetZFrHdRDDRKOPUf41oqHPJAoCxKeCB60uQOO'
2025-06-21 10:02:43,381 - WARNING - Erreur select dossier INBOX/QUARANTAINE : command: EXAMINE => unexpected response: b'aYTjBPamyXSR8swHboaGxpGNYRfZ7tAxyvJOOvStxGBjLLng45rPvL63vLV4I5NzvjACkdDnvUVh'
2025-06-21 10:02:43,382 - WARNING - Erreur select dossier INBOX/PERSO : command: EXAMINE => unexpected response: b'cC3IgJGSSeR7f/WpXKaNbOQTQDxRncqn1FHsKu5m0Iig8jNN3MWI44NZlvazxTqxTAGe49K1FckA'
2025-06-21 10:02:43,382 - WARNING - Erreur select dossier INBOX/PECHE : command: EXAMINE => unexpected response: b'cUgGmRg5XA4p04kKEJt/GnMAfvcUHluKAKENnKJ/McpjJPBNXlORgduKDhfmbgCqp1C3EmxZMnOC'
2025-06-21 10:02:43,382 - WARNING - Erreur select dossier INBOX/PAYE-DOC marin : command: EXAMINE => unexpected response: b'CpoAt9KOtIjCVQQc5p3SgLDSP0qGW7WLgAn8KlcbkYeoIqtFa7ZCzZGR6igRZhkEq5wRzindz9aa'
2025-06-21 10:02:43,382 - WARNING - Erreur select dossier INBOX/OUTBOX : command: EXAMINE => unexpected response: b'6jqvNKDkD24pjuLRRRSFcXqMU0gYwe9L1GKTdt60DuVbixEvzK2MnuabZ5txsfBJOfl+lXcFuRWN'
2025-06-21 10:02:43,382 - WARNING - Erreur select dossier INBOX/Notes : command: EXAMINE => unexpected response: b'q8hS9R+MBB/M0D3NgncuPWgDaBUdrIJbWM+qj+VS7cc07k2EOA27nJpksPnKcHB6c1LuHWjhqBoz'
2025-06-21 10:02:43,382 - WARNING - Erreur select dossier INBOX/MC TECH : command: EXAMINE => unexpected response: b'xDdwv8hgIz3zVuPcyAy43nrt6VJik5U57UrDuRTQxXClGLjPpisyfQI2YlZH555Yf4VrSjPI5pY8'
2025-06-21 10:02:43,382 - WARNING - Erreur select dossier INBOX/MAMAKE : command: EXAMINE => unexpected response: b'kc0WC5kNHNp6L5flsoHO7JOBViw1H7bIYNuHVdxOOOv196vl8cScA/d96ydSUW0jXXZyFyenT/61'
2025-06-21 10:02:43,382 - WARNING - Erreur select dossier INBOX/KBIS : command: EXAMINE => unexpected response: b'IZqFlLiM7snmgloo3bghRn8qrXdwklnIyHIGB0PqKIWQxxCM5JA3e1INiGW9glUeasgOc/KBWYbO'
2025-06-21 10:02:43,382 - WARNING - Erreur select dossier INBOX/IPHONE : command: EXAMINE => unexpected response: b'S4lDWZUDGP3p7/hW7L8vytwBUUaLHbssZJJOeaAuZ0F61sDbXKguD1jHHH1+lX2C3FvtGQHTH5is'
2025-06-21 10:02:43,382 - WARNING - Erreur select dossier INBOX/IMARSAT C : command: EXAMINE => unexpected response: b'rWrF7shgDuCBcAgd6j09nsMRTAIJNqrnnOPp9aBj1tjpl086EMGGzB59D7elXrS+iuoy0KuMHHzg'
2025-06-21 10:02:43,382 - WARNING - Erreur select dossier INBOX/FURTIF : command: EXAMINE => unexpected response: b'f0p+5Mbt3BrIaFrC9jucf6Oi/M7HOCcjoOe4oA2pN5glVNuXUjn6VnWt+LWU2sykvGMkoOOee596'
2025-06-21 10:02:43,382 - WARNING - Erreur select dossier INBOX/ENIM : command: EXAMINE => unexpected response: b'tQXNtcqWhkLNgEjBHJ+oqnqdnJdJiBS824FlyAAMe/4UAXrO1Fs45JXJPv0rBsNYtNJvtQjlSdne'
2025-06-21 10:02:43,382 - WARNING - Erreur select dossier INBOX/E D F : command: EXAMINE => unexpected response: b'8lkG0AjB49R6Vuw3ySfcYE59DSx31vM7L5n75WK7Qpxx1qkxNGTJ4006MsJIbrnONqL/APFUwePN'
2025-06-21 10:02:43,383 - WARNING - Erreur select dossier INBOX/DRAFT : command: EXAMINE => unexpected response: b'KjUbYL3d7omP/Qq6RWUgZPXpUgIPyD7w6itIyJOUuPEWneJIG0m3ju42uMYaRVAG07uoJ/u+ldfY'
2025-06-21 10:02:43,383 - WARNING - Erreur select dossier INBOX/DOSSIER THON : command: EXAMINE => unexpected response: b'Q/2fpVuoO5YYFDZ5JCr2rlbKP7f4zsNRtf3lrDG0bv0w21+MHn+IfnXXanC1xp10iDLtE4QZxkkH'
2025-06-21 10:02:43,383 - WARNING - Erreur select dossier INBOX/DOSSIER EDF : command: EXAMINE => unexpected response: b'FbqNtS4nP32oza5eSabZLGhhxLumBGRgDsT/AHvSuhFwlwOAwHTmqWhwvYaLbpcjy5BuBGc4yxPa'
2025-06-21 10:02:43,383 - WARNING - Erreur select dossier INBOX/DOSSIER C D A : command: EXAMINE => unexpected response: b'rhYt8/ccUr30CbshqA7iExtyevWuZubV76/mRyoCSkce5/8ArVr3epQo5hjcGc/wlT688/gagso2'
2025-06-21 10:02:43,383 - WARNING - Erreur select dossier INBOX/DOSSIER AXA : command: EXAMINE => unexpected response: b'ZppHGCxDcfjXRTp2OVu7JLSzSyhVAWOMjk++asZY9MUmVVetALdgK6dkCQpxj5s/hSBlI288UuQD'
2025-06-21 10:02:43,384 - WARNING - Erreur select dossier INBOX/CREDIR AGRICOLE : command: EXAMINE => unexpected response: b'z1p29v4QCKktGLfeGrO7O6WWcAAD5WHr9Kx7jwHBLJm3nkAI48xx/Ra6/apYFiQaAQCee9NormOK'
2025-06-21 10:02:43,384 - WARNING - Erreur select dossier INBOX/COTE D ARGENT : command: EXAMINE => unexpected response: b'j8K6nbuRby2ZEZ48xm7dOgrWt11yygVZf7OKjI+XfnOc10H3Tled3rQc5y3AosFznpPEYsxm7jJx'
2025-06-21 10:02:43,384 - WARNING - Erreur select dossier INBOX/COMPTABLE : command: EXAMINE => unexpected response: b'z+6Xt07moP8AhO9KJ2GC9z0+4n/xVdOAe1I6q64YkcY4osFzFsvEtncyHyIrgHbn51Xpn2NbEE6P'
2025-06-21 10:02:43,384 - WARNING - Erreur select dossier INBOX/COMPTA SARL : command: EXAMINE => unexpected response: b'8yhsg45rN1PRoLuIK7ygbgflI9D7VgTeHv7NYSoJCFGfmZT147UnoiWdJp2muuoTXjMuPOcgA9j+'
2025-06-21 10:02:43,384 - WARNING - Erreur select dossier INBOX/CLEE : command: EXAMINE => unexpected response: b'HvVrQ4wt9qbL1MgPP1apI5jbaHBJgbRChJPuBU/yDTnuST/qvM9uma5JPUuCK8Fi/wDwkd1dllxJ'
2025-06-21 10:02:43,384 - WARNING - Erreur select dossier INBOX/CHASSE : command: EXAMINE => unexpected response: b'GFxn2X/CqA0c6pqcV+rhY4lMZBODnn2P96rltqcFtapezuEjkygO0kZz6DntR4Tu4LjSpZYX3RiY'
2025-06-21 10:02:43,384 - WARNING - Erreur select dossier INBOX/CCSO : command: EXAMINE => unexpected response: b'gnBHO1f8aDoSKviWU27aXbAZRiY3PfHyjitK0jhbS4YB5mxSSDxnqf8AGqtrPbXt5qBeQgWshztB'
2025-06-21 10:02:43,384 - WARNING - Erreur select dossier INBOX/CAISSE D EPARG : command: EXAMINE => unexpected response: b'HduvHtWlAbeWFSkjFD0OP/rUXKSHStHeWjj5wpIB9eoNZr6iljqlvaKrFDHkkjnoff2q8ktvcQtF'
2025-06-21 10:02:43,384 - WARNING - Erreur select dossier INBOX/Bouygue téléphone  : command: EXAMINE => unexpected response: b'HIWVj6EH19KwL3TSfEVvGoYq8ZPUZ/ipomR1AKzxh+QMZ/OnKFZRGucDnmmW0AggVBn7oBz9KlVA'
2025-06-21 10:02:43,384 - WARNING - Erreur select dossier INBOX/BOUYG GOURETTE : command: EXAMINE => unexpected response: b'oyM02QiC/sUvIyjMwJAHB981LCixW6QjJCKEz9BiljZtp4Gc1Umiie5ibc29XyR2zkUDLMcZWZiM'
2025-06-21 10:02:43,385 - WARNING - Erreur select dossier INBOX/Archive : command: EXAMINE => unexpected response: b'bccZ61BdWEd3IPOZhxj5D/8AWq05GMOcD2pswdYmEIDP2BoAglsIntPsjM/lkAZBGeP/ANVOitEi'
2025-06-21 10:02:43,385 - WARNING - Erreur select dossier INBOX/ASS  MAMAKÉ : command: EXAMINE => unexpected response: b'gMEZYoV2EsecYxTbV51t5WuEVGEhwB6ce9Whgor+2TQBHDAsECwoSQvc1G0r29s8k4UgHnZ/9enz'
2025-06-21 10:02:43,385 - WARNING - Erreur select dossier INBOX/ASS FURTIF 3 : command: EXAMINE => unexpected response: b'vKUHkqrc96eZNh2nAJ5oERWd1HchzGGG3Gd1Qx2sEWrz3gMhnkQKwJG3HHTv2FWzsOCScnpWVHZv'
2025-06-21 10:02:43,385 - WARNING - Erreur select dossier INBOX/ACHAT NET : command: EXAMINE => unexpected response: b'ba9c3207JYwgJIx0Xt17UAaEsc8s6qfLEBHzdd2fbt6ViXWjafPcvZO90HuGL5BXA5z6e1acUS2S'
2025-06-21 10:11:16,256 - WARNING - Timeout fetch body mail #254
2025-06-21 10:11:16,293 - WARNING - Erreur fetch headers mail #255 : command: FETCH => unexpected response: b'RRRQAtJRRQAUUUUAFLSUUALSUUUAFFFF'
2025-06-21 10:11:16,293 - WARNING - Erreur fetch headers mail #256 : command: FETCH => unexpected response: b'ABRRRQAUUUUAFFFFABRRRQAUUUUAFFFFABRRRQAUUUUAFFFFABRRRQAUUUUAFFFFABRRRQAUUUUA'
2025-06-21 10:11:16,293 - WARNING - Erreur fetch headers mail #257 : command: FETCH => unexpected response: b'FFFFABRRRQAUUUUAFFFFABRRRQAUUUUAFFFFABRRRQAUUUUAFFFFABRRRQAUUUUAFFFFABRRRQAU'
2025-06-21 10:11:16,293 - WARNING - Erreur fetch headers mail #258 : command: FETCH => unexpected response: b'UUUAFFFFABRRRQAUUUUAFFFFABRRRQAUUUUAFFFFABRRRQAUUUUAFFFFABRRRQAUUUUAFFFFABRR'
2025-06-21 10:11:16,293 - WARNING - Erreur fetch headers mail #259 : command: FETCH => unexpected response: b'RQAUUUUAFFFFABRRRQAUtJS0AFFFFABRRRQAUlLSUAFFFFABRRRQAUUUUAFFFFABRRRQAUUUUAFF'
2025-06-21 10:11:16,293 - WARNING - Erreur fetch headers mail #260 : command: FETCH => unexpected response: b'FFABRRRQAUUUUAFFFFAGkYlY5JOTWRP4Wsp4mieW4Ct1wy5/lWo17aqxBuYR7eYKdHdQO4VZ42J7'
2025-06-21 10:11:16,293 - WARNING - Erreur fetch headers mail #261 : command: FETCH => unexpected response: b'Bwa4DuOak8B6WW/1950/vr/8TV238J2MBiKS3J8vBGWXt+Fb25D3U/jRuXPUfnTEVY7KO3bejOSe'
2025-06-21 10:11:16,293 - WARNING - Erreur fetch headers mail #262 : command: FETCH => unexpected response: b'OSKsIxCgCpOD6Gj5R6UXEBGaT7vSlPTim5x1P50XEFLjFV/n83+Lbu/DFSuwA64/GpcgbGTffH0p'
2025-06-21 10:11:16,293 - WARNING - Erreur fetch headers mail #263 : command: FETCH => unexpected response: b'rOWGDjBqC5vrWCQLPdQxsRkB5ADj8aqrqlhuH+nW3/f5f8ahyIZcY+XjHf1oU7sE02C5trnd5M0U'
2025-06-21 10:11:16,293 - WARNING - Erreur fetch headers mail #264 : command: FETCH => unexpected response: b'23rsYNj8qmygGPlBqLkCN0pMZqve3UFrCHuLiOFC2A0jhQT6c1BDrWlBDu1OyznvOn+NAzRRzuC8'
2025-06-21 10:11:16,293 - WARNING - Erreur fetch headers mail #265 : command: FETCH => unexpected response: b'YqTaG69qy11bTZX2QahaPIeipMpJ/I1OsrS58qQvjrtOcVSKRcLFDtHQVyfxLG/w/bg/8/S9P9x6'
2025-06-21 10:11:16,293 - WARNING - Erreur fetch headers mail #266 : command: FETCH => unexpected response: b'6ZCdo3k7u+etYPjC2mvNKijihknYThtqqWIG1ucfjTvY0geWRsYl2ryM55r0LTLyQ6fZxkLgxIvT'
2025-06-21 10:11:16,293 - WARNING - Erreur fetch headers mail #267 : command: FETCH => unexpected response: b'2Fcbf6PqKzqE067A29oG9T7V0GmyGNLSKR9kihFZGOCDwCCKymup2U5HQNAsnUnj0rlNZ0mCXVJn'
2025-06-21 10:11:16,293 - WARNING - Erreur fetch headers mail #268 : command: FETCH => unexpected response: b'Z5QTt6Ef3R7V1yn0NUbqJWuGJjBJxyV9qmLsXLU7COVmcAgVPjNYVhqtjNeRxx39vI5zhVmUk8Ht'
2025-06-21 10:11:16,293 - WARNING - Erreur fetch headers mail #269 : command: FETCH => unexpected response: b'mt2NlZcqwIz2NdCOSSsK52RMR1Ck1UhuHlcqwUADPFSzElHAJPBGKgso2Ex3IQNvcVojJloDNQ3b'
2025-06-21 10:11:16,293 - WARNING - Erreur fetch headers mail #270 : command: FETCH => unexpected response: b'm3tnlTBZcYz064qw3B4qtqas1hKFUk8cAe4qikR6bdyXXm+YFG3GNo9c1erK0WORPO3oy524yMet'
2025-06-21 10:11:16,293 - WARNING - Erreur fetch headers mail #271 : command: FETCH => unexpected response: b'a38NIHuI3yjIpAN4yaFOTzzSnjpxQIxvE7m00K6uI8F124DdOXA/rWN4O1We5+2b0jG3ZjAP+171'
2025-06-21 10:11:16,293 - WARNING - Erreur fetch headers mail #272 : command: FETCH => unexpected response: b'0GvxG40e4iWMys235ANxPzA9K5vTLSez83/R5Lffj+Aruxn/ABoA7OL97GHbgn0rM0zSLfTrhpoX'
2025-06-21 10:11:16,293 - WARNING - Erreur fetch headers mail #273 : command: FETCH => unexpected response: b'lZmQrhyCMZB7D2p9nqNrDbJHcXkMcozlZJQGHPcE0/UriNLdTHMqnf8Awt7GgC9vPtS+WPvc561k'
2025-06-21 10:11:16,293 - WARNING - Erreur fetch headers mail #274 : command: FETCH => unexpected response: b'Wmq2UMRW7v7eOQnIEsyg4/E/WteN0khWSNldGUMrKcggjgg0AKOazbvSYLm5eZ3lDNjIBGOmPStF'
2025-06-21 10:11:16,294 - WARNING - Erreur fetch headers mail #275 : command: FETCH => unexpected response: b'aRgc0Ac/FdPNII2CgH0FTlzHwMevNcL4bXVrbXbabVBfQ2a7vMe53rGPlIGS3HXH44rvPtVlN80M'
2025-06-21 10:11:16,294 - WARNING - Erreur fetch headers mail #276 : command: FETCH => unexpected response: b'9vIo4yjqRmt0zmsKOQD60HiofNXfw4xn1qVXRjgMp+hrRMkXGeaXFNPXjpSjOec1VxARRS0lABmj'
2025-06-21 10:11:16,294 - WARNING - Erreur fetch headers mail #277 : command: FETCH => unexpected response: b'NFFABRRS0xCUUUUhhRRRQAUUUUAFFFFABRRRQAUUUUAFFFFABRRRQAUUUUAFFFFABRRRQAUUUUAF'
2025-06-21 10:11:16,294 - WARNING - Erreur fetch headers mail #278 : command: FETCH => unexpected response: b'FFFABRRRQAUUUUAFFFFABRRRQAUUUUAFFFFABRRRQAUUUUAFFFFABRRRQAUUUUAFFFFABRRRQAUU'
2025-06-21 10:11:16,294 - WARNING - Erreur fetch headers mail #279 : command: FETCH => unexpected response: b'UUAFFFFABRRRQAUUUUAFFFFABRRRQAUUUUAFFFFABRRRQAUUUUAFFFFABRRRQAUUUUAFFFFABRRR'
2025-06-21 10:11:16,294 - WARNING - Erreur fetch headers mail #280 : command: FETCH => unexpected response: b'QAUUUUAFFFFABRRRQAUUUUAFFFFABRRRQAUUUUAFFFFABRRRQAUUUUAFFFFABRRRQAUUUUAFFFFA'
2025-06-21 10:11:16,294 - WARNING - Erreur fetch headers mail #281 : command: FETCH => unexpected response: b'BRRRQAUUUUAFFFFABRRRQAUUUUAFFFFABRRRQAUUUUAFFFFABRRRQAUUUUAFFFFABRRRQAUUUUAF'
2025-06-21 10:11:16,294 - WARNING - Erreur fetch headers mail #282 : command: FETCH => unexpected response: b'FFFABRRRQAUUUUAFFFFABRRRQAUUUUAFFFFABRRRQAUUUUAFFFFABRRRQAUUUUAFFFFABRRRQAUU'
2025-06-21 10:11:16,294 - WARNING - Erreur fetch headers mail #283 : command: FETCH => unexpected response: b'UUAFFFFAGXcaTOZmIeP8z/hUFncJBdJIwYhc9PpXXLBE43MuSfc1jX+n2sNnJJHFtcYwdxPce9cB'
2025-06-21 10:11:16,294 - WARNING - Erreur fetch headers mail #284 : command: FETCH => unexpected response: b'3Fu0vI7iIugYAHHIq8kZIVsjB5rkormaBdsT7VJzjANalrqF0zQqZeCVB+Uf4UgN7GOtIVJOaZE7'
2025-06-21 10:11:16,294 - WARNING - Erreur fetch headers mail #285 : command: FETCH => unexpected response: b'OxDHIxSsxDEA8UriHH5eTTHO/GO1AYscE5FJJ8uNvGaUnoS9iP7SgbZhs5xSv84wKY8SBGfHzYzn'
2025-06-21 10:11:16,294 - WARNING - Erreur fetch headers mail #286 : command: FETCH => unexpected response: b'PeoI5XLct29Kx5iGzkvGELHVYuR/qB/6E1Z+o6BdaVYyXs8kLRRYyEYk8kDuB610+s20Nxdo8ybm'
2025-06-21 10:11:16,294 - WARNING - Erreur fetch headers mail #287 : command: FETCH => unexpected response: b'CAZyRxk1c8QW8U+i3EUq7kbbkZI/iFK5LMDwFcpcfb9gYbfLzn/gVda0ZJLcYrA8JWVvafa/Ij2b'
2025-06-21 10:11:16,294 - WARNING - Erreur fetch headers mail #288 : command: FETCH => unexpected response: b'9mfmJzjd610RJzjtTEcl4/QyaJABj/j4U8/7rV5xJEytgkdK9h12zgu7NI5496iQMBkjnB9K8y8V'
2025-06-21 10:11:16,294 - WARNING - Erreur fetch headers mail #289 : command: FETCH => unexpected response: b'28VjqccdsuxDCGIyTzub1+lXEaKOkXaWGqRXEoZkTdkKOeQR/WvTfCGtW2o/bPJSVfL2Z3gDru9D'
2025-06-21 10:11:16,294 - WARNING - Erreur fetch headers mail #290 : command: FETCH => unexpected response: b'7V5M33c966rwLcyw/b/Lfbny88A/3qspHp7/ADuWHQ+tOUbDk1TsZXltEd2yxzk496sF2Peom7WL'
2025-06-21 10:11:16,294 - WARNING - Erreur fetch headers mail #291 : command: FETCH => unexpected response: b'TsNnjMrhlIAxjmvMpbyP/hKnt9r7/tpTOOM78V6gpOK87ubG2HiOWcR/vRdl9249d+c1Kt1NIzOm'
2025-06-21 10:11:16,294 - WARNING - Erreur fetch headers mail #292 : command: FETCH => unexpected response: b'b9xjfzu9KQQNN+8UgA+tRM7S/fOcdKkSV0QKrYA9qyeh1xd0cF4f/wBB1q3uZfmRN2QvXlSP616l'
2025-06-21 10:11:16,294 - WARNING - Erreur fetch headers mail #293 : command: FETCH => unexpected response: b'o2qwXNo7okgAcjkD0HvXml8i21o8sI2yLjB698Va0DVr1LJws+B5h/gX0HtXRB31MqkT1VVLgOOh'
2025-06-21 10:11:16,294 - WARNING - Erreur fetch headers mail #294 : command: FETCH => unexpected response: b'5p/3OTVfT5Gk0y1kY5ZoVYn32iplJY4PNbHPYcfn5FDjcpA6mgDHSkBNNCYRRlM5xzTmPVe9Md2G'
2025-06-21 10:11:16,294 - WARNING - Erreur fetch headers mail #295 : command: FETCH => unexpected response: b'MGnJ8wBPWgBB8hyf0pwO/kUko+UfWmoSBxQAKMSVFe273GzYVG3Oc1NJ8sZYdaSBi27cc4oA8y8S'
2025-06-21 10:11:16,294 - WARNING - Erreur fetch headers mail #296 : command: FETCH => unexpected response: b'n7PrtzE/LLtzjp90V0KTrqR8mEFWX5yX4GOnb61W8R2VvNrly8keWO3J3H+6Kq+B5nudYmSZtyi3'
2025-06-21 10:11:16,294 - WARNING - Erreur fetch headers mail #297 : command: FETCH => unexpected response: b'Y4xjncvpQBm+JtMm/tGP5o/9UO59T7V3ei38SaVp9qVfesEcZIAxnaB61BrGn2s12jSRZIQD7x9T'
2025-06-21 10:11:16,294 - WARNING - Erreur fetch headers mail #298 : command: FETCH => unexpected response: b'71l20rx6jDEjYRZQoGOgBxQB2aqeaQsFODTYXY7smnlQTk0AYPi2Jn8N3agjJ2df99a4Ox1aDSIT'
2025-06-21 10:11:16,294 - WARNING - Erreur fetch headers mail #299 : command: FETCH => unexpected response: b'BcJIzs28GMAjGAO5HpXpurQRz6dLHKu5GxkZx3Fed69plol6gWHA8sfxH1PvVXMmjcgu45raOVQw'
2025-06-21 10:11:16,294 - WARNING - Erreur fetch headers mail #300 : command: FETCH => unexpected response: b'V0DAEc4IzVzT5VlnZVBB255+oqGC1hj0WNlTBW3BHJ/u1nWt1NFIWjfBIx0FUpGbR1QFKWBGKr2M'
2025-06-21 10:11:16,294 - WARNING - Erreur select dossier INBOX/QG BÉCASSE  : command: EXAMINE => unexpected response: b'jzWkbyHLHOTj3NWMCrUiRtFLSVogFopuaUGqAKKKKACiiigQUUUUAFFFFABRRRQAUUUUAFFFFABR'
2025-06-21 10:11:16,294 - WARNING - Erreur select dossier INBOX/RESA 2025 : command: EXAMINE => unexpected response: b'RRQAUUUUAFFFFABRRRQAUUUUAFFFFABRRRQAUUUUAFFFFABRRRQAUUUUAFFFFABRRRQAUUUUAFFF'
2025-06-21 10:11:16,294 - WARNING - Erreur select dossier INBOX/ASSURANCE MAISON : command: EXAMINE => unexpected response: b'FABRRRQAUUUUAFFFFABRRRQAUUUUAFFFFABRRRQAUUUUAFFFFABRRRQAUUUUAFFFFABRRRQAUUUU'
2025-06-21 10:11:16,294 - WARNING - Erreur select dossier INBOX/HOLDING 2024 : command: EXAMINE => unexpected response: b'AFFFFABRRRQAUUUUAFFFFABRRRQAUUUUAFFFFABRRRQAUUUUAFFFFABRRRQAUUUUAFFFFABRRRQA'
2025-06-21 10:11:16,294 - WARNING - Erreur select dossier INBOX/RESA 2024 : command: EXAMINE => unexpected response: b'UUUUAFFFFABRRRQAUUUUAFFFFABRRRQAUUUUAFFFFABRRRQAUUUUAFFFFABRRRQAUUUUAFFFFABR'
2025-06-21 10:11:16,294 - WARNING - Erreur select dossier INBOX/HOLDING 2023 : command: EXAMINE => unexpected response: b'RRQAUUUUAFFFFABRRRQAUUUUAFFFFABRRRQAUUUUAFFFFABRRRQAUUUUAFFFFABRRRQAUUUUAFFF'
2025-06-21 10:11:16,294 - WARNING - Erreur select dossier INBOX/bureau véritas : command: EXAMINE => unexpected response: b'FABRRRQAUUUUAFFFFABRRRQAUUUUAFFFFABRRRQBsFgDyaaoINQrJ5g3YxntmrOK4rHaMYZPFZt3'
2025-06-21 10:11:16,295 - WARNING - Erreur select dossier INBOX/UBA 2023 : command: EXAMINE => unexpected response: b'bymOcheCG7itGR9jYxnih08yFhnG5cfTNTYZx7xtCN0gwDxWtYXkCWcatJgjPY+pqW80fzYgvn4+'
2025-06-21 10:11:16,295 - WARNING - Erreur select dossier INBOX/CORPS-MORT : command: EXAMINE => unexpected response: b'bP3P/r1UGm+UNnm5x32//XpWA3nlSRCqnJPbFV3ic4wv61Thvf3q/u//AB6rsd1vz8mMe9RJaEvY'
2025-06-21 10:11:16,295 - WARNING - Erreur select dossier INBOX/RÉSA 2023 : command: EXAMINE => unexpected response: b'FIGAeo4pzfMMCk2bmznqc07bt5zUcpnYRCFGDxSODtNI/WnFtwxilyiGxcZoYHfntTlGM0NwpPoK'
2025-06-21 10:11:16,295 - WARNING - Erreur select dossier INBOX/reservation : command: EXAMINE => unexpected response: b'LEiEisbV7aae6Vo03AIBnIHc1qxN5jYxjjNJNH8w57VSGeKahE/9s3aY+YTyDGfc1f0nSr27877P'
2025-06-21 10:11:16,295 - WARNING - Erreur select dossier INBOX/orange : command: EXAMINE => unexpected response: b'Dv2Yz86jGc+prrp/An2jU5rz+0tvmyNJs8jONxJxnd71r6P4d/snzv8ASvO83b/yz24xn3PrV3GW'
2025-06-21 10:11:16,295 - WARNING - Erreur select dossier INBOX/guide : command: EXAMINE => unexpected response: b'fDcElnoVtBcLslTdlcg4yxPb61qb1XkmoUXYoXOcUo/ecdO9Zz6A2PP7w5TkdKz9ZUpo9+zDCrby'
2025-06-21 10:11:16,295 - WARNING - Erreur select dossier INBOX/face book : command: EXAMINE => unexpected response: b'En/gJrSjHlrjrzmqOsfvtIv4fu74JEz1xlSKSKizhPC13AftWH/udj710qMJEDJyp71wsX/Egz/y'
2025-06-21 10:11:16,295 - WARNING - Erreur select dossier INBOX/edf gourette : command: EXAMINE => unexpected response: b'8ef/AMA27fz9a6PTNX82wifyMZzxv9z7VMo9jspyL2tqZ9Jnji+Z224HT+IV59qcMlvcKky7WKA4'
2025-06-21 10:11:16,295 - WARNING - Erreur select dossier INBOX/dossier sambo : command: EXAMINE => unexpected response: b'znjJr0uW33xld2M+1c7rHhv7ddLL9r8vCBceXnuff3pwdmbSVzutA/5F/TP+vWL/ANAFaSHacmud'
2025-06-21 10:11:16,295 - WARNING - Erreur select dossier INBOX/cibourg mateo : command: EXAMINE => unexpected response: b'0nU/s9tZaf5O7ykSDzN2M4AXOMfpXQqNxx0roTucslbckzu5FNwRSj5BjrSBtxxirMmMlUtjaM4p'
2025-06-21 10:11:16,295 - WARNING - Erreur select dossier INBOX/carnet d adress : command: EXAMINE => unexpected response: b'8Z2xAHg04LTW+9igBVYZpJFLNkDNAXbznNBk28YzQA4HCgHtTXBfG3nFLjIz60A7ffNAApCqAeDW'
2025-06-21 10:11:16,295 - WARNING - Erreur select dossier INBOX/banque boulange : command: EXAMINE => unexpected response: b'PpEbLdMSMfIf5itjbv8AmzjNY+k3PmXLDZj5CevuKANOWN2YFRkY9a8rRGHjpcjpqX/tWvWlfI6V'
2025-06-21 10:11:16,295 - WARNING - Erreur select dossier INBOX/affaire maritim : command: EXAMINE => unexpected response: b'5l9m/wCK18zf/wAxHdjH/TSgD01+1KpGKiuJfL28ZznvToj5kYbpntQA5vumoiDmpJPlQmmIdwz0'
2025-06-21 10:11:16,295 - WARNING - Erreur select dossier INBOX/URSSAF : command: EXAMINE => unexpected response: b'pMlmd58YutpbnfjGPerxdfWufab/AImpXb/y3xnP+1W2eKm5kxWYZ61kRarZXEgiim3O3QbWH9K0'
2025-06-21 10:11:16,295 - WARNING - Erreur select dossier INBOX/UBA 2022 : command: EXAMINE => unexpected response: b'mPzGuM8n+yv9N3eb5X8GNuc8defWrizNnVqwNO7VlaDqX9ref+68nytv8W7Oc+w9K1jxx6V0RYhh'
2025-06-21 10:11:16,295 - WARNING - Erreur select dossier INBOX/UBA 2021 : command: EXAMINE => unexpected response: b'Bop2c0hFaoYUUDrQaAEooooEFFFFABRRRQAUUUUAFFFFABRRRQAUUUUAFFFFABRRRQAUUUUAFFFF'
2025-06-21 10:11:16,295 - WARNING - Erreur select dossier INBOX/UBA 2020 : command: EXAMINE => unexpected response: b'ABRRRQAUUUUAFFLSUAFFFFABRRRQAUUUUAFFFFABRRRQAUUUUAFFFFABRRRQAUUUUAFFFFABRRRQ'
2025-06-21 10:11:16,295 - WARNING - Erreur select dossier INBOX/UBA 2019 : command: EXAMINE => unexpected response: b'AUUUUAFFFFABRRRQAUUUUAFFFFABRRRQAUUUUAFFFFABRRRQAUUUUAFFFFABRRRQAUUUUAFFFFAB'
2025-06-21 10:11:16,295 - WARNING - Erreur select dossier INBOX/UBA 2018 : command: EXAMINE => unexpected response: b'RRRQAUUUUAFFFFABRRRQAUUUUAFFFFABRRRQAUUUUAFFFFABRRRQAUUUUAFFFFABRRRQAUUUUAFF'
2025-06-21 10:11:16,295 - WARNING - Erreur select dossier INBOX/UBA 2017 : command: EXAMINE => unexpected response: b'FFABRRRQAUUUUAFFFFABRRRQAUUUUAFFFFABRRRQAUUUUAFFFFABRRRQAUUUUAFFFFABRRRQAUUU'
2025-06-21 10:11:16,295 - WARNING - Erreur select dossier INBOX/TRASH : command: EXAMINE => unexpected response: b'UAFFFFABRRRQAUUUUAFFFFABRRRQAUUUUAFFFFABRRRQAUUUUAFFFFABRRRQAUUUUAFFFFABRRRQ'
2025-06-21 10:11:16,295 - WARNING - Erreur select dossier INBOX/SITE NET : command: EXAMINE => unexpected response: b'AUUUUAFFFFABRRRQBmzJqIlby1u9vbaGxWFEfEPmDP8AauPfzK9FMqodpByKcFINcZ2Hnr/25n5v'
2025-06-21 10:11:16,295 - WARNING - Erreur select dossier INBOX/SIMRAD : command: EXAMINE => unexpected response: b'7Sz7760IJNTCx73vBgDOS1dfKhZsjHSoJLZ2RsFeQaQzGhuJ9x8yWTGP4mNWBPHj5pUz7tTpNNmd'
2025-06-21 10:11:16,295 - WARNING - Erreur select dossier INBOX/RESA 2022 : command: EXAMINE => unexpected response: b'cBo/zP8AhUDaHcudweHB9z/hSAqC7tlOftEI994qaHUrRc5vYB9ZR/jWbJ4Qv2QgTWuT/tN/8TVZ'
2025-06-21 10:11:16,295 - WARNING - Erreur select dossier INBOX/RESA 2021 : command: EXAMINE => unexpected response: b'/BWonH7+0/77b/4mlYR1sN/ZkR/6XAc4/wCWg/xqy99ZKMtdW4HvItczB4VvkSMGW2+UDOGb/CpL'
2025-06-21 10:11:16,295 - WARNING - Erreur select dossier INBOX/RESA 2020 : command: EXAMINE => unexpected response: b'jwxeyIAstvnOeWb/AAosKxuPqemKcNfWYPvKv+NA1TSycC/syfaZf8a5G58FalNIGWe0AAxy7f8A'
2025-06-21 10:11:16,295 - WARNING - Erreur select dossier INBOX/RESA 2019 : command: EXAMINE => unexpected response: b'xNQDwbqMB8xprUqvozf/ABNKxNjtW1GwP3by2P0lX/GlF/YlcG7tiT/00X/GuJOj3Ft994ju6YJ/'
2025-06-21 10:11:16,295 - WARNING - Erreur select dossier INBOX/RESA 2018 : command: EXAMINE => unexpected response: b'wpv2V0bJK8c9amwrHcpd2QPFxbj6OtK1zbMcieE/RxXDSTLAu5wSDxxTBrdtB8rJMSeeAP8AGlYR'
2025-06-21 10:11:16,295 - WARNING - Erreur select dossier INBOX/RESA 2017 : command: EXAMINE => unexpected response: b'3TTw44lT/voUsU0bZ/eIf+BCuDfxbYRoQYrnjjhV/wDiqLfxrpybswXfOP4F/wDiqdgO+MkWfvp+'
2025-06-21 10:11:16,295 - WARNING - Erreur select dossier INBOX/RESA 2016 : command: EXAMINE => unexpected response: b'YpHwB8mM+1cI3jjTdx/cXf8A3wv/AMVV+18c6ZPIVSC8BAzyi/8AxVJoTR1ibiO5okVHjZWVWyCC'
2025-06-21 10:11:16,295 - WARNING - Erreur select dossier INBOX/RESA 2014 : command: EXAMINE => unexpected response: b'CM5rItfE9lLGWWK4AzjlV/xqxHq0DyKQkvzEEZA/xqbFpGVrulRyeRssFbG7OIc+ntXn+svcWeqT'
2025-06-21 10:11:16,295 - WARNING - Erreur select dossier INBOX/RESA  2013 : command: EXAMINE => unexpected response: b'QRtLbqm3EakqFyoPT8a9kEy3P3ARt67q818W6PcXPiS7lR4grbMZJz9xR6U0jaLOpy/q1NbJPP61'
2025-06-21 10:11:16,295 - WARNING - Erreur select dossier INBOX/QUARANTAINE : command: EXAMINE => unexpected response: b'KDuOBUcx2MAfSsXodsdThrqbUYtYmdZbtIknYghmCqob+Vdf4M1OW61aVJb55lEBO1pSwB3Lz1rn'
2025-06-21 10:11:16,295 - WARNING - Erreur select dossier INBOX/PERSO : command: EXAMINE => unexpected response: b'9UuUK3iYbOHH86j8AzLBrczMCQbdhx/vLW0GZ1InrgIbkHP0pi8MCeBUGn3CSwMyhgA2OfoKsMpI'
2025-06-21 10:11:16,296 - WARNING - Erreur select dossier INBOX/PECHE : command: EXAMINE => unexpected response: b'wK1bOVoV2zjafyqIBzID82MipEjK5zipM7UOe1NbEgSo+8QB70DY3I2n6VWnYSIAPXPNRLeR2o2S'
2025-06-21 10:11:16,296 - WARNING - Erreur select dossier INBOX/PAYE-DOC marin : command: EXAMINE => unexpected response: b'BiTz8opgWmkSPJd1VB1LHAFV7jVNOg2+dfWse7pvmUZ/M1ymreMtOb7TaCG68xXKk7VxkNz/ABe1'
2025-06-21 10:11:16,296 - WARNING - Erreur select dossier INBOX/OUTBOX : command: EXAMINE => unexpected response: b'YjWEviz/AJB7JF9l+/55Izu6YwD/AHTQBc1+81SbWbiTS7m8kszt8trZ2MZ+UZwV465/HNanhRLq'
2025-06-21 10:11:16,296 - WARNING - Erreur select dossier INBOX/Notes : command: EXAMINE => unexpected response: b'LU5WvFmSPySAZgQM7l9e/Wr+haHc2GkQW0zws8e7JQkjlifT3p/iC9j0SxS5uld0eQRgRgE5IJ74'
2025-06-21 10:11:16,296 - WARNING - Erreur select dossier INBOX/MC TECH : command: EXAMINE => unexpected response: b'9KAJNXv4oLpVF2keUBwJAO5965q2glfW4pxE7I1yH8zaSCN2c5/rWZqOpQ6xOtxbrIiKuwiQAHOS'
2025-06-21 10:11:16,296 - WARNING - Erreur select dossier INBOX/MAMAKE : command: EXAMINE => unexpected response: b'exPrXcaVYy/2fZSbkx5SN1PoKANhAr53YbHrzTH3K5CZC9gOlOiQjPSnlT7UARpuLANkj3p7DB+U'
2025-06-21 10:11:16,296 - WARNING - Erreur select dossier INBOX/KBIS : command: EXAMINE => unexpected response: b'YHtTqRmCnBpMTOJkuEXXmDTKMXJzlunzVv3N3AYx5dxGTn+FxXE6tGYdVvblsFEneQgdcBiabpmr'
2025-06-21 10:11:16,296 - WARNING - Erreur select dossier INBOX/IPHONE : command: EXAMINE => unexpected response: b'29/cNFEkqsELfMABjI9/es2ZMi1+TW21m4ayfUWtzt2GEvs+6M4xx1zXXyC1uEMSiGUt/AMNnv0q'
2025-06-21 10:11:16,296 - WARNING - Erreur select dossier INBOX/IMARSAT C : command: EXAMINE => unexpected response: b'xpts8ljG4K4Oev1NY2h86vAP97/0E00zNmZ4mW5077N9hE1p5m7f5AKbsYxnHXqfzqW01RjbwCS+'
2025-06-21 10:11:16,296 - WARNING - Erreur select dossier INBOX/FURTIF : command: EXAMINE => unexpected response: b'PmbVDBpuc45zz1roPEmlz6h9m8lo18vdneSOuPQe1cMNJn/tXyd8e7ztmcnGd2PStoyEdfp14GnY'
2025-06-21 10:11:16,296 - WARNING - Erreur select dossier INBOX/ENIM : command: EXAMINE => unexpected response: b'Pchht7v7itRZFcZVww9Qc1zMmnTaSvn3DRsjHYBGSTnr3A9KtWOrQRwkMkud2eAP8a3UhG9n0NKM'
2025-06-21 10:11:16,296 - WARNING - Erreur select dossier INBOX/E D F : command: EXAMINE => unexpected response: b'96hjcbx1qbOatMAooopgFFFFABRRRQAUUUUAFFFFABRRRQAUUUUAFFFFABRRRQAUUUUAFFFFABRR'
2025-06-21 10:11:16,296 - WARNING - Erreur select dossier INBOX/DRAFT : command: EXAMINE => unexpected response: b'RQAUtJRQAtJRRQAUUUUAFFFFABRRRQAUUUUAFFFFABRRRQAUUUUAFFFFABRRRQAUUUUAFFFFABRR'
2025-06-21 10:11:16,296 - WARNING - Erreur select dossier INBOX/DOSSIER THON : command: EXAMINE => unexpected response: b'RQAUUUUAFFFFABRRRQAUUUUAFFFFABRRRQAUUUUAFFFFABRRRQAUUUUAFFFFABRRRQAUUUUAFFFF'
2025-06-21 10:11:16,296 - WARNING - Erreur select dossier INBOX/DOSSIER EDF : command: EXAMINE => unexpected response: b'ABRRRQAUUUUAFFFFABRRRQAUUUUAFFFFABRRRQAUUUUAFFFFABRRRQAUUUUAFFFFABRRRQAUUUUA'
2025-06-21 10:11:16,296 - WARNING - Erreur select dossier INBOX/DOSSIER C D A : command: EXAMINE => unexpected response: b'FFFFABRRRQAUUUUAFFFFABRRRQAUUUUAFFFFABRRRQAUUUUAFFFFABRRRQAUUUUAFFFFABRRRQAU'
2025-06-21 10:11:16,296 - WARNING - Erreur select dossier INBOX/DOSSIER AXA : command: EXAMINE => unexpected response: b'UUUAFFFFABRRRQAUUUUAFFFFABRRRQAUUUUAFFFFABRRRQAUUUUAFFFFABRRRQAUUUUAFFFFABRR'
2025-06-21 10:11:16,296 - WARNING - Erreur select dossier INBOX/CREDIR AGRICOLE : command: EXAMINE => unexpected response: b'RQAUUUUAFFFFAGoEEg3HOT6VKTxXGeH9RtbbRbeKaXbIu7I2k/xE+la0PibSHlVVu8k/9M3/AMK4'
2025-06-21 10:11:16,296 - WARNING - Erreur select dossier INBOX/COTE D ARGENT : command: EXAMINE => unexpected response: b'EzqubZOad1Wspte0zP8Ax8/+Q2/wpv8Ab+mbv+Pnv/zzb/CncZq7APWnDgYrMXXdNJ4uf/HG/wAK'
2025-06-21 10:11:16,296 - WARNING - Erreur select dossier INBOX/COMPTABLE : command: EXAMINE => unexpected response: b'kGs2BGRP/wCON/hSAubiaUDd1qqNTsyf9d/46f8ACnDULVukuf8AgJ/wpXAtdBTSxqEXUJxh+vsa'
2025-06-21 10:11:16,296 - WARNING - Erreur select dossier INBOX/COMPTA SARL : command: EXAMINE => unexpected response: b'kWVCev6U7jHA02SFZEKknB9KfvU9DRRcRQn0mCbbueUY9CP8KrtoFqxOZJufcf4VrEGoyD5o+opC'
2025-06-21 10:11:16,296 - WARNING - Erreur select dossier INBOX/CLEE : command: EXAMINE => unexpected response: b'sY8/haxmQK0twADnhl/wqpJ4H02Rsme79OHX/wCJrp2IUZPFCsCODTsFjkH+HmkuDm4vufR0/wDi'
2025-06-21 10:11:16,296 - WARNING - Erreur select dossier INBOX/CHASSE : command: EXAMINE => unexpected response: b'ajHw30cf8vN//wB9p/8AE12tMcZxRYLHG/8ACttHPP2m/wD+/if/ABNS2/w90m3culxfEkY5dP8A'
2025-06-21 10:11:16,296 - WARNING - Erreur select dossier INBOX/CCSO : command: EXAMINE => unexpected response: b'4muuUgKAaJeVGPWnYLGDD4UsYEKpLckE55Zf8KtpoVsgUiSb5emSP8K0FRsdKXIHWpcR7EMFqkO7'
2025-06-21 10:11:16,296 - WARNING - Erreur select dossier INBOX/CAISSE D EPARG : command: EXAMINE => unexpected response: b'aWOfWsy/0W2urySZ3lDNjIUjHQD0rYdgcU5CNoqWUjmXjESF1ySPWmxxLcLvckEccVtXCN5LcelY'
2025-06-21 10:11:16,296 - WARNING - Erreur select dossier INBOX/Bouygue téléphone  : command: EXAMINE => unexpected response: b'15E5lGF/h9axkjsgzGvNDtpGnLPN824nBHf8KxZLdPDy/a7MtJI58oiXkYPPbHPArsU+UrntjNVN'
2025-06-21 10:11:16,296 - WARNING - Erreur select dossier INBOX/BOUYG GOURETTE : command: EXAMINE => unexpected response: b'fBmskWP5iJAfTsalSsaSVy14O1Se/wBKlllWNWE5X5QcY2r7+9XbrWrmC3aRUiJGOoPr9a88upo7'
2025-06-21 10:11:16,296 - WARNING - Erreur select dossier INBOX/Archive : command: EXAMINE => unexpected response: b'SQRztsYjcBjPH4U3RvD2qf2pD/ov97/lov8AdPvW8Xc5ZxsdXeeMtQg2bIbU7s9Vb/4qi18Y6hcS'
2025-06-21 10:11:16,296 - WARNING - Erreur select dossier INBOX/ASS  MAMAKÉ : command: EXAMINE => unexpected response: b'RI8NqBIwU4Vu5x/erY8P6fdWH2j7VF5e/bt+YHOM56H3roE/1X51qjAytOuXup2SQKAFz8v1FW57'
2025-06-21 10:11:16,296 - WARNING - Erreur select dossier INBOX/ASS FURTIF 3 : command: EXAMINE => unexpected response: b'GKVwzM4OMcEUl9KltCHmbapbGcZ55qrHr2m267JbnaxOcbGPH5UwMO+8Faa809yZ7ve7lyN64yT/'
2025-06-21 10:11:16,296 - WARNING - Erreur select dossier INBOX/ACHAT NET : command: EXAMINE => unexpected response: b'ALvvUukWEWhed9kZ38/G7zSDjGcYwB6mk1nxFpV7Z3FpbXW+diAF8txnDAnkjHY1yF9pN9qmz7FB'
2025-06-21 10:20:52,173 - WARNING - Erreur select dossier A TRAITER  : EXAMINE command error: BAD [b'expected end of data instead of " TRAITER "']
2025-06-21 10:20:52,297 - WARNING - Erreur select dossier ALLANCE NOTAIRES : EXAMINE command error: BAD [b'expected end of data instead of " NOTAIRES"']
2025-06-21 10:44:37,715 - WARNING - Erreur select dossier "Boîte d'envoi" : 'ascii' codec can't encode character '\xee' in position 3: ordinal not in range(128)
2025-06-21 10:44:37,724 - WARNING - Erreur select dossier "Boîte d'envoi/Boîte de réception" : 'ascii' codec can't encode character '\xee' in position 3: ordinal not in range(128)
2025-06-21 10:52:28,816 - WARNING - Timeout fetch body mail #13
2025-06-21 10:52:28,905 - WARNING - Erreur fetch body mail #14 : command: FETCH => unexpected response: b'1uV1fic0Jjk+ITnWYolNTohP'
2025-06-21 10:52:28,905 - WARNING - Erreur fetch body mail #15 : command: FETCH => unexpected response: b'jgk9+K456sD35qhfc0x1v16qhwybltVFvzLcoplCQpo7JXboMSylYHJ0O5spop0tJsESGhsT2S13'
2025-06-21 10:52:28,905 - WARNING - Erreur fetch body mail #16 : command: FETCH => unexpected response: b'2sH18R1lHR3j47mug+Mwna6WA6a15jjqTGn0npz3HdSl5fNtkTYx1tUcEGnNLd9ui4CIUCIcwp0k'
2025-06-21 10:52:28,905 - WARNING - Erreur fetch body mail #17 : command: FETCH => unexpected response: b'VapNXq3GNdK4uruJVJmdESHGdXGlpf4YGRGZ2DnZFW4VCaZIirRFave6HnG96NJdka7I2OTiWI/Z'
2025-06-21 10:52:28,905 - WARNING - Erreur fetch body mail #18 : command: FETCH => unexpected response: b'Q1lZWbFDhvTuPX16TPshMZAx/W37+sX079tHpE8PvP3T0+3uTqgyMvXHutZ1tq4nUVV0uJp01IKb'
2025-06-21 10:52:28,905 - WARNING - Erreur fetch body mail #19 : command: FETCH => unexpected response: b'l5qQEGLcsa56ih6luzqnpQ0aLPg2tQ916SmmeouwpTocqe3CTAsPfjpXD2/n6picGi0swm+yduja'
2025-06-21 10:52:28,905 - WARNING - Erreur fetch body mail #20 : command: FETCH => unexpected response: b'ydkjKcp0mvhQPHZKgj3KpIdGholhh54Js4aZzFH2BJM/Isqi65boiE0HT8PTfBeRSeC57kTplEk/'
2025-06-21 10:52:28,905 - WARNING - Erreur fetch body mail #21 : command: FETCH => unexpected response: b'y7l1JzkSbWKcwxYtL1ZcEiNxcWKm5P95d3dLincjP96N/Pj4iAwZnCGDM2RwhgzOkMEZD+BLNLXs'
2025-06-21 10:52:28,905 - WARNING - Erreur fetch body mail #22 : command: FETCH => unexpected response: b'ug+a0vrjPm1FJPjbrdEBthr809ZIgz/fGiFZs7mtmyN2RWgRSV1/7Ns3tIvx3/qLBjSLiKbQEsra'
2025-06-21 10:52:28,905 - WARNING - Erreur fetch body mail #23 : command: FETCH => unexpected response: b'l2WsmCGi9/SPjCnv91o6C7kC0oewlgsoPKlv1x/rUIVN1rGtzlYUKmvx16EaLJwso8AQuWbiokyu'
2025-06-21 10:52:28,905 - WARNING - Erreur fetch body mail #24 : command: FETCH => unexpected response: b'lM5pA2MGDOqfgrmOl4unky4G9NJcrhi5ctodkSbhyJxQubjg0D3tu3dvL9KWXVrZLyF9ZI+B0/K6'
2025-06-21 10:52:28,905 - WARNING - Erreur fetch body mail #25 : command: FETCH => unexpected response: b'HTqYlFk2xv94TvGgDuNTR80r2n1gmDcnTSw9ZXbxiB7xjq6mM7s6MkpWjetVMiozNnxg8QJN9B47'
2025-06-21 10:52:28,905 - WARNING - Erreur fetch body mail #26 : command: FETCH => unexpected response: b'sOOh6a5hEw6+P9Q73HEos+PgYvl3BeS9uQD3JpYcdKVxZ5KzUkQ7Od/t5Hy3i8P8tYvF5LVLxMy1'
2025-06-21 10:52:28,905 - WARNING - Erreur fetch body mail #27 : command: FETCH => unexpected response: b'e1DONyXxPCcF5jkpMM9JgXlOCsxz0oNaDIVRooj0RxXZm0Vak5nnVvTmCXxNzeN0e1NUYrOI3FYX'
2025-06-21 10:52:28,905 - WARNING - Erreur fetch body mail #28 : command: FETCH => unexpected response: b'VWSWkf46c2D+eOq0NlMX2mqiLph867e3HframKbUOz6/rui+AQvvXH9v0+o7lwzRrr7j11uLeUKm'
2025-06-21 10:52:28,905 - WARNING - Erreur fetch body mail #29 : command: FETCH => unexpected response: b'3Pz5VXPuO3vMbzEjGh4lIUeur8bIM+geOe6mpK6Bp6drYFRdA6PqGhhV18CoujZrMe6wsHbOdk4M'
2025-06-21 10:52:28,905 - WARNING - Erreur fetch body mail #30 : command: FETCH => unexpected response: b'LqlZWNzWhjSxK028lCbS0kI6yP+ZZC3qCmoKOfwsTV+8BMPubaxIW+CZwvPTlGZUEFFHaSJBR2lr'
2025-06-21 10:52:28,905 - WARNING - Erreur fetch body mail #31 : command: FETCH => unexpected response: b'B2MarEUhsgJ/XciRx2jmjOlyNlKPno14wxFzlNRXm8KtloOXyInRaixWi9mMy6EQ4bdgnZrCoMdr'
2025-06-21 10:52:28,905 - WARNING - Erreur fetch body mail #32 : command: FETCH => unexpected response: b'wmINN42KtcdaeJIssfa4WHuM5dDcMFvHdrFJ/0Pal4C3UZ1rz6aZkTRaRqN93yxZlm3Jkjd5k+zI'
2025-06-21 10:52:28,905 - WARNING - Erreur fetch body mail #33 : command: FETCH => unexpected response: b'S2Q5ju3EDiFOSLwkgQlJ2AJJyhYItFCWEmihtKW3vfS2t39vk9iJW9rCff4AhZb797l/uP17S/s0'
2025-06-21 10:52:28,905 - WARNING - Erreur fetch body mail #34 : command: FETCH => unexpected response: b'XYBLqxTaCyQQy/85Z0ayshBoL3qQxqOZM3Pe7z3f937fOaPomWIDyzvgM/0IL/pxIoT+bWIG/2+8'
2025-06-21 10:52:28,905 - WARNING - Erreur fetch body mail #35 : command: FETCH => unexpected response: b'GwY07NtLH5BrAI5h7ADCkRFkHAUZR0HGUZBxFGQcBYDjvMaFuV0M6OlRQbDRC3j1Uf+IDTpBOWLF'
2025-06-21 10:52:28,905 - WARNING - Erreur fetch body mail #36 : command: FETCH => unexpected response: b'TvCpCrQEeOi8CI71w4PnRHQ0cHXlyHQRFqXAU0KLXANwYYrAYAzoO9rOsEav3eo3sgCpPrT3hOAE'
2025-06-21 10:52:28,905 - WARNING - Erreur fetch body mail #37 : command: FETCH => unexpected response: b'IAwweodJcPDKxT8wGkahAG/UdyBILtDvK5dOUzcrvFga+5U0bpxOnRWOGyscN1bop6wqDm6Bvloh'
2025-06-21 10:52:28,906 - WARNING - Erreur fetch body mail #38 : command: FETCH => unexpected response: b'ZzTYs2HcG86ErwqTYZ2Mkk5GCXz+CaIEPk9DlHQySjq4fj7WiDeC4aGa8/tTsa5ncBVQCyo8ciQ1'
2025-06-21 10:52:28,906 - WARNING - Erreur fetch body mail #39 : command: FETCH => unexpected response: b'ZlzAaw/HxiHLFk8WeAk02WednJw8UXZaED0/bOOYCBtRdIHNo6IipVrAI3NiaiwGWzoigqYQ3U5E'
2025-06-21 10:52:28,906 - WARNING - Erreur fetch body mail #40 : command: FETCH => unexpected response: b'fFFtNqgMbRu2TDc89qevjU9+s/BQ7s6ZXruK2ii4BDZUH1r1mR/t3P/cXVmXC7/FHwQGYFm901AU'
2025-06-21 10:52:28,906 - WARNING - Erreur fetch body mail #41 : command: FETCH => unexpected response: b'7CGX38pNfvvtQ0988N3N9kDE7ocMZJZO478Hkbsa2yfFbUyCFpOhxWQCYjIBMRla7PvAPbmWnjvO'
2025-06-21 10:52:28,906 - WARNING - Erreur fetch body mail #42 : command: FETCH => unexpected response: b'40MubWBU+QyeAGmnFa8/rACIAjzTgIDRsq8/GhgVlAt44qgoKKxwflxUILRORNPLONElhYOkEC//'
2025-06-21 10:52:28,906 - WARNING - Erreur fetch body mail #43 : command: FETCH => unexpected response: b'YcJ/78zuHHW21PvVjIIgWTXL2gL1Hn/cq2eNPpvVLyjxvqHb1zcodTzH8TaDGcgbnUHH1490k19m'
2025-06-21 10:52:28,906 - WARNING - Erreur fetch body mail #44 : command: FETCH => unexpected response: b'OJaCmJbG2xnQ2yR2O+Id3wAJFofeOQa3fCqZWSq5+yq5+yq5+yq5+yrISc4UHvWp9I5R/bL2SJfc'
2025-06-21 10:52:28,906 - WARNING - Erreur fetch body mail #45 : command: FETCH => unexpected response: b'MxhyUSg11JXHyLoiXfJEQD6E8YpRJneYlxWFyUgzOG42k2cYo98RqDUzxaDUYyPLGv1Wm8/I4i/T'
2025-06-21 10:52:28,906 - WARNING - Erreur fetch body mail #46 : command: FETCH => unexpected response: b'eovPbvcKjMZQHMP/jWec0GHRehVxz+It5bH3nwACsMWxi/9KpJUcQynADo3dsri0+IRdkLCho8AX'
2025-06-21 10:52:28,906 - WARNING - Erreur fetch body mail #47 : command: FETCH => unexpected response: b'dWD/gbDRX9W1q4vQxOOWWExVb7XaFz5h4ILQuIMNHKeCI1oFR7QKjmgVHNEqiLUKkgcoj4wNMinY'
2025-06-21 10:52:28,906 - WARNING - Erreur fetch body mail #48 : command: FETCH => unexpected response: b'PKK2WjQxa0M97ake8awtSbm0AaivJEC0pB+ABtOXt/hUZyyZhNpuEkjxS7ZhXW6kjDjEOYBD6QZE'
2025-06-21 10:52:28,906 - WARNING - Erreur fetch body mail #49 : command: FETCH => unexpected response: b'HB44z8UhFYcnIfoIfjrKGj02i09giWKSVJtcRpPbqCaK/ThwejYrgLzWsc0bD1qV+B4FflBt94Rs'
2025-06-21 10:52:28,906 - WARNING - Erreur fetch body mail #50 : command: FETCH => unexpected response: b'O3QOgbOXwKa2fniIUTEkxahoILMfL+9/uibI2asd5ybIp901NrVScJkkGwAdzWOd2NPQBkfDOp1R'
2025-06-21 10:52:28,906 - WARNING - Erreur fetch body mail #51 : command: FETCH => unexpected response: b'hh196uRPDfp8G8JulGE3Itjdqvr6BIQ9YdXBN3BgQs/BLXBIAh6ix9yto6p6XZiyQf8PgyzCCMJ8'
2025-06-21 10:52:28,906 - WARNING - Erreur fetch body mail #52 : command: FETCH => unexpected response: b'EcqxJJRp2gtOsMpnlDCVoARUDpjNpksA6iYtyVBomd7UrRqTXdNiDwcCpuI2b7eTIAhW8FitHgNb'
2025-06-21 10:52:28,906 - WARNING - Erreur fetch body mail #53 : command: FETCH => unexpected response: b'ax91hT0uHm9zNScarDiIsoLHZvYa2H4jSDzUrkSY+E3qU+0Dj+XO/bVM7m9V+1WWiGfxx41TV03G'
2025-06-21 10:52:28,906 - WARNING - Erreur fetch body mail #54 : command: FETCH => unexpected response: b'hv95mPgR0NUgUINhT2BTSwXqTYUPuKcw9iVJQRshRkZITSMUaUYo0oxWCcZkRunF4tjtQH27ZfDd'
2025-06-21 10:52:28,906 - WARNING - Erreur fetch body mail #55 : command: FETCH => unexpected response: b'MufdcqBxy4HGLYPvfoZIYirMBsKKbiywgEeRE6wUa5NlT3hYZ0NhQzemgEeWHGG6Ml6U/CDSauXY'
2025-06-21 10:52:28,906 - WARNING - Erreur fetch body mail #56 : command: FETCH => unexpected response: b'AQTbm7lHfn3oc6/el80d+vWhB09+tnc+fOUXdu36wqZIaP3nr9v9xMZq4rEvnTu8aeLp9556/IN/'
2025-06-21 10:52:28,906 - WARNING - Erreur fetch body mail #57 : command: FETCH => unexpected response: b'2TT+j3/95rU/vG/Vmvuf2Xrdc/cNrXnwB0i5Aj/4IhjrTiyCfQUpjyAtd5WWu0rLw5uWhzctd5WG'
2025-06-21 10:52:28,906 - WARNING - Erreur fetch body mail #58 : command: FETCH => unexpected response: b'JLLwLgigCwLo0nMaPO+CGYULLgrG+CoYHmmaA91THzWNcBWSRKJYpYaj4dHzIjjcBI+fE9EJF6qS'
2025-06-21 10:52:28,906 - WARNING - Erreur fetch body mail #59 : command: FETCH => unexpected response: b'wIVShKqQseSLmT3/6+ZHlILPBj1ijR031Qxt35GPzLdPTNZ+5YurtvYFyUc2P3ltR7G+PAABZRhL'
2025-06-21 10:52:28,906 - WARNING - Erreur fetch body mail #60 : command: FETCH => unexpected response: b'esMtE8NXN2oXz1b3T0m4UGqASzOWxX6ImOLW1/MtLOhbC+xrC+prC+x7C2RLC2DL8QjMtiJpHgIG'
2025-06-21 10:52:28,906 - WARNING - Erreur fetch body mail #61 : command: FETCH => unexpected response: b'tngZQF4GkJcB5GUAebik2FmvB9L12K4MnslYOkG/530jFtntIcUL06eLsqcUAOxIfQaeOi+CE33w'
2025-06-21 10:52:28,906 - WARNING - Erreur fetch body mail #62 : command: FETCH => unexpected response: b'zGOifCocluWMqeTswmQ9eRF6ZoublDMoi2A2442hcChUygnUtDHotvuMamqPqa5rTfv1JVxBjiA0'
2025-06-21 10:52:28,906 - WARNING - Erreur fetch body mail #63 : command: FETCH => unexpected response: b'dNsHr18VDvRsSHkb66qNN2jZ4mJ2tS2dfPifslM9HuD4QLRVApfT0DiRDiz+oow30H4KUtM6vnNF'
2025-06-21 10:52:28,906 - WARNING - Erreur fetch body mail #64 : command: FETCH => unexpected response: b'99bhNqM22rGqofi7oIu8O7/dwtDFvK99NfCA/UsFcgqM1ZV4taRHupfenNPp8Xy3DGe3DHO37P+6'
2025-06-21 10:52:28,906 - WARNING - Erreur fetch body mail #65 : command: FETCH => unexpected response: b'ZVi7F4jaTDSREYx4PpEBqiSYCCY4hxWe64Dhx6HXwzdwigOazvF9ogHGoKMOJGqeO2qTP43S5zEd'
2025-06-21 10:52:28,906 - WARNING - Erreur fetch body mail #66 : command: FETCH => unexpected response: b'j+cxrv4ZPIy1AMEYyqh5bwveklFzeJ6Hq01UcKuFb+HNHVBYdzsUkTEzGNry2AfmKvAwY4lGJ/UF'
2025-06-21 10:52:28,906 - WARNING - Erreur fetch body mail #67 : command: FETCH => unexpected response: b'PSQ/tGLZlvCLZafQUg/XAIo8kJSh4yJqNQKbPS6idhWw4bKrAGdH5aaXnQZ1nnhqLIsp2nS+CKXJ'
2025-06-21 10:52:28,906 - WARNING - Erreur fetch body mail #68 : command: FETCH => unexpected response: b'qRV7vjrZvXOi3aIGwojVJlfvzrVOrggmRrdfu2002b794TXRiaEOgaYIklYz6lh2sq15daM9MXb1'
2025-06-21 10:52:28,906 - WARNING - Erreur fetch body mail #69 : command: FETCH => unexpected response: b'tVePJfFrrnwAJNRev7XKY3YZGH91wN2yOtmyqr0h2bVm9/DIbeN1OptHUPNWweAUlM6AyxXvqWpe'
2025-06-21 10:52:28,906 - WARNING - Erreur fetch body mail #70 : command: FETCH => unexpected response: b'1ZFIdo7thjpMB/zPz8E480s67Lg1AxU/D3Gfg2LzEzsjKCT4pefm4TijDTAFcsn+JoHHou8geJ+P'
2025-06-21 10:52:28,906 - WARNING - Erreur fetch body mail #71 : command: FETCH => unexpected response: b'6k9AjI/QLgPKe1wlD5NYTnrKA8RXcr8o3/k5yvUOlUQX2JJzQfIulAmiXOfDL5dZvoXlnYIgVcaA'
2025-06-21 10:52:28,906 - WARNING - Erreur fetch body mail #72 : command: FETCH => unexpected response: b'P9GDfv6eCmFBoK93w57OWy1hLqRZIPCM0hLygv3qENCS7SAsh6pcNeEzHGdwzRi2KbZJejIG0xLc'
2025-06-21 10:52:28,906 - WARNING - Erreur fetch body mail #73 : command: FETCH => unexpected response: b'FrOePAUMbkjZ9b+SNmBc1oMzuPAZcfkcSV/GYP5xXrEq7GPOL1ZRqFhF/idD6kM+X5WRJSeKmVFK'
2025-06-21 10:52:28,906 - WARNING - Erreur fetch body mail #74 : command: FETCH => unexpected response: b'JQSdroCWYPHtFGcNu20Bq0HNkp8i/gXf2mG2aymS5pSFPyo5llRonSbyebWWIXESSEn29qIKZrqo'
2025-06-21 10:52:28,906 - WARNING - Erreur fetch body mail #75 : command: FETCH => unexpected response: b'x4p/B5nuAZDh0vjpLPwdwK+Ct69RXrmKNYsiTij5DEFiasxDmI/CMtUC0QlQUNvDv21oYKpe108n'
2025-06-21 10:52:28,906 - WARNING - Erreur fetch body mail #76 : command: FETCH => unexpected response: b'32W2VlaTTp4CG6f0pxJS7bUh/FtUOqp6XdRPM8l3RXD0JyoakZcsGpFfcyZ71051F/+3MRg04tWb'
2025-06-21 10:52:28,906 - WARNING - Erreur fetch body mail #77 : command: FETCH => unexpected response: b'bh2vFYLNgehQyv9nU11vxzfnU93VpnZHy1j2R79uyiZdeLJxvDfh17t85Nd9Ln92qjucbavTsjUr'
2025-06-21 10:52:28,906 - WARNING - Erreur fetch body mail #78 : command: FETCH => unexpected response: b'1uFPBNqqzcVnHXUdxcFoT721+HVztAsyf8fS2+QBCv5+4DUQhSNWLLxAdGVUnPnDmCvtIlz+BdwA'
2025-06-21 10:52:28,906 - WARNING - Erreur fetch body mail #79 : command: FETCH => unexpected response: b'XM0sccbbEG8gGmoX8KbDzHaYUk0W0BsIDCdPAAyOucwfii4enaAS+dkG4ozYwMDjj4jgBCm5Av9L'
2025-06-21 10:52:28,906 - WARNING - Erreur fetch body mail #80 : command: FETCH => unexpected response: b'0eC8LNN0UV4quQ7yAGtvXDnZIh65ra//9qNibCLXblcC8cqoQ+nJTN/1I7Wx8T0rOyc6qzU0qyC/'
2025-06-21 10:52:28,906 - WARNING - Erreur fetch body mail #81 : command: FETCH => unexpected response: b'4PLZfU6h/9Mv3XnHTx/I6Z0+e8BnsPOsJ+hu2frY5JbHppPugJvmnajvxUdQ31dh/wD7Pudc5VmJ'
2025-06-21 10:52:28,906 - WARNING - Erreur fetch body mail #82 : command: FETCH => unexpected response: b'PYN/C3NgFvzpjEpPOcCrLbqyDUHiiXwYi6fjRLwJ9lAXnDW+qrx68Iw3G88S2TRcmOzAAC4JBEwF'
2025-06-21 10:52:28,906 - WARNING - Erreur fetch body mail #83 : command: FETCH => unexpected response: b'NFKZ6BXAFF4KmcfikQ/FeBA1oxeDs0rjq6Ly6uzgGTGLwXaOirAhazqJAJMhU1iAmC17Vihlm5tA'
2025-06-21 10:52:28,907 - WARNING - Erreur select dossier Boîte d'envoi : command: EXAMINE => unexpected response: b'nAx/PIhgP0kcsJsNzuRAXaCrXs+QGt0+X5BTxW86vP6TwMraUxs0nXXt9lBHxKxUsZxB5zE5HJqw'
2025-06-21 10:52:28,907 - WARNING - Erreur select dossier Boîte d'envoi/Boîte de réception : command: EXAMINE => unexpected response: b'ebvhgd899DFQm4BRgn7gfeCoOwdGHaxPdkmzIQKRgiVIwphRKq1ntdOOs4qtJaEqTWpwWutZUTut'
2025-06-21 10:52:28,907 - WARNING - Erreur select dossier Brouillons : command: EXAMINE => unexpected response: b'cJwVFVvPF6aBS1cRyXMrP/Pjz36Ihg3/mX89kP1u9dp7xIcfmj14RS3huf+nB7ulEdJ717O3jt6/'
2025-06-21 10:52:28,907 - WARNING - Erreur select dossier CIAMT : command: EXAMINE => unexpected response: b'te3c6YaZz0M+wPvTgvurxdaVqojgxoxKr+AVMKX9fVgPPKOZDp+hl/0AHntFqgIiLyCE7O+LqPB3'
2025-06-21 10:52:28,907 - WARNING - Erreur select dossier CONTACT : command: EXAMINE => unexpected response: b'RtRM08AX0hVO4G+o92kpRk0vvgH7QBgYNUOBv5niVfhWRg2r8WD7cfwbIBZSWQA5I/WH0TsMBpuO'
2025-06-21 10:52:28,907 - WARNING - Erreur select dossier Corbeille : command: EXAMINE => unexpected response: b'Lf6U0dsF3qZniv/I6G3QC8Zhz5AX/KLkBeNw71fP28vgf8X+C4P7vRccfcaL0Fn6gHgboBPAViN0'
2025-06-21 10:52:28,907 - WARNING - Erreur select dossier DANONE : command: EXAMINE => unexpected response: b'FDxEx+BUqx2Y06E4y/MW6kPvtGXb+QW/EjQ6XnFWBMd4qQ9FdNR5kpq+XJ3PTLyt0xVvwXfRHASC'
2025-06-21 10:52:28,907 - WARNING - Erreur select dossier FOURNISSEURS : command: EXAMINE => unexpected response: b'o4sPsUADWoEGBCY+q9ORvwx6i3Os3iYY7KD/a1gJMJZ82efywXsXl06Tp6kElsF2oTzW7dZZ4XN1'
2025-06-21 10:52:28,907 - WARNING - Erreur select dossier INBOX : command: EXAMINE => unexpected response: b'WLVugWjNqJoC79oU4BVXwQcL2maNYGgejm+XrQztKw1lEOtg8S2jtgXeFdEJbfCMObFtNg7POSLG'
2025-06-21 10:52:28,907 - WARNING - Erreur select dossier INBOX/CEGID : command: EXAMINE => unexpected response: b't5fsDeXQR5XcAstBHWaoNCPl/6WRTJ5WMEpK15DfkR//zObGlqlPj9RvDv+pxAN8k9mr532r14xH'
2025-06-21 10:52:28,907 - WARNING - Erreur select dossier INBOX/Courrier indésirable : command: EXAMINE => unexpected response: b'bnvp/pXDD720b8V1a1uMKvJ+waFnXVWujqsfvWLLY1ubzCbcDSgAacG4PMUpo4sx2AV1/v4X9t72'
2025-06-21 10:52:28,907 - WARNING - Erreur select dossier INBOX/RELANCE CLIENT : command: EXAMINE => unexpected response: b'bw8NmzwewSPbFkiLEBbD1iPbBjj48KElqIY/cYFZamaC0FcpLxIDKElPSBY+WjPDBSXff7EAOL/e'
2025-06-21 10:52:28,907 - WARNING - Erreur select dossier LOCAM : command: EXAMINE => unexpected response: b'4btEiclX3iR/zpqAdb1GpuhGdQ0frC75rDavkcV/yxi9VpvPxFrKaLxQbCttk38pj5Up/EulbbmH'
2025-06-21 10:52:28,907 - WARNING - Erreur select dossier MOHAMED  : command: EXAMINE => unexpected response: b'wNFDhHj0+7ZLb+NfAdevxhqXr+/SBmasMJ4qENXAgEH3EZiBJUkQNRUSmT6+IPkVe+umfns84gI3'
2025-06-21 10:52:28,908 - WARNING - Erreur select dossier Objets envoyés : command: EXAMINE => unexpected response: b'AzSykmGNjqDdXW1RAbhgLY7F68evXVXLqLVqTm/Rmd08w+k0fLA9Q/yifPMSDz4L7rIV2yjdZYC4'
2025-06-21 10:52:28,908 - WARNING - Erreur select dossier Objets envoyés/Courrier indésirable : command: EXAMINE => unexpected response: b'aq6uztya/BHRCdSxmjBiZkxFTGU0mLl6xq/mnTN8mQ9SzUb/TuJUDCojNFAqD7qo2gjLNJerNgJ5'
2025-06-21 10:52:28,908 - WARNING - Erreur select dossier PAIMENTS CLIENTS  : command: EXAMINE => unexpected response: b'hONAIH2WFQI2Z9CiURRvvYgRO2md2Wu1+wUlSA6UxW/ge2iWJq0M8BUkkMAEv/hn9iJDFZvwl8Fe'
2025-06-21 10:52:28,908 - WARNING - Erreur select dossier PROPRETIX : command: EXAMINE => unexpected response: b'Eu6l1VpeXby+qGS1GpUcB4hfABSsJVsJcBQwmhkwxLWHqa2SrV5BttLMUHDvEZHaWrJVFfRm/lAl'
2025-06-21 10:52:28,908 - WARNING - Erreur select dossier SAFIR : command: EXAMINE => unexpected response: b't8E78Qu9rugxBpfvG+rz3iDwUORPS7d17g6Gd0h2UMwAX9uKXY2USa2pLgwosZRR+jUxVV2dv1EF'
2025-06-21 10:52:28,908 - WARNING - Erreur select dossier SCANS : command: EXAMINE => unexpected response: b'/+Ixf9N0nVlNukLTrm162RDl6lnCkOqEk1RgfPJIeGR0Fx5eqkheWI+Udfrl6pFmk2KGEbwWm9fA'
2025-06-21 10:52:28,908 - WARNING - Erreur select dossier SOGEDICOM : command: EXAMINE => unexpected response: b'EMX7qEC1yWlQksXHCcbgtdk8BiZkFT21PqsSj1B4grP5Is5ZW3B51Ow5dxfHAbLS5P5zny7vfdHv'
2025-06-21 10:52:28,908 - WARNING - Erreur select dossier Spam : command: EXAMINE => unexpected response: b'hYXIxUbix+4au9rrL/mnt4FF2rE88k8+A3xI1knFF/CfACo6m2fUNRYYVcitlVSUPVNGXfn9eSyk'
2025-06-21 10:52:28,908 - WARNING - Erreur select dossier TRADUCTEURS : command: EXAMINE => unexpected response: b'oYiQaoVGafbjgt4KZrMlWU8uG5N822+/3hPSF9+sHg7jOIEzvNNsdcHe7ucdRp4tRtdGCBz8Rxuc'
2025-06-21 10:52:28,908 - WARNING - Erreur select dossier TRADUCTEURS/OSMAN BASKURT : command: EXAMINE => unexpected response: b'FquLp3v8Xo+PUA8+kffnBnP+xR9V9pXVWfXF4MhXR6vXrh2vxt9lpdkBFlbFZpdOU1kqgeqEA7Df'
2025-06-21 10:52:28,908 - WARNING - Erreur select dossier TRASPERFECT   : command: EXAMINE => unexpected response: b'z2JGoh04FTd4h9U93RHdbGAB18n+oyyaUElPNyfqZmFJT1d2JJ+opJftvu0He/ce39fRc/sP9t44'
2025-06-21 10:52:28,908 - WARNING - Erreur select dossier Éléments envoyés : command: EXAMINE => unexpected response: b'vz9zxJe7ed26WwYD3kHwuTfvI9x3/p+HV2Xvefngra88tCp78IUH1z0idmR2PjJy5WM72nt2PSrd'
2025-06-21 10:57:26,474 - INFO - Tentative de sélection du dossier: INBOX (encodé: INBOX)
2025-06-21 10:57:32,192 - INFO - Tentative de sélection du dossier: INBOX (encodé: INBOX)
2025-06-21 10:57:37,041 - INFO - Tentative de sélection du dossier:  (encodé: )
2025-06-21 10:57:37,163 - WARNING - Erreur select dossier  : EXAMINE command error: BAD [b'unexpected end of data']
2025-06-21 10:57:37,163 - INFO - Tentative de sélection du dossier:  (encodé: )
2025-06-21 10:57:37,287 - WARNING - Erreur select dossier  : EXAMINE command error: BAD [b'unexpected end of data']
2025-06-21 10:57:37,287 - INFO - Tentative de sélection du dossier: Archive (encodé: Archive)
2025-06-21 10:58:04,417 - WARNING - Timeout fetch body mail #13
2025-06-21 10:58:04,520 - WARNING - Erreur fetch body mail #14 : command: FETCH => unexpected response: b'ocECSKHKHBAkih'
2025-06-21 10:58:04,521 - WARNING - Erreur fetch body mail #15 : command: FETCH => unexpected response: b'yhwQJIococECSKHKHBAkihyhwQJIococECSKHKHBAkihyhwQJIococECSKHKHBAkihyhwQJIococ'
2025-06-21 10:58:04,521 - WARNING - Erreur fetch body mail #16 : command: FETCH => unexpected response: b'ECSKHKHBAkihyhwQJIococECSKHKHBAkihyhwQJIococECSKHKHBAkihyhwQJIococECSKHKHBAk'
2025-06-21 10:58:04,521 - WARNING - Erreur fetch body mail #17 : command: FETCH => unexpected response: b'ihyhwQJIococECSKHKHBAkihyhwQJIococECSKHKHBAkihyhwQJIococECSKHKHBAkihyhwQJIoc'
2025-06-21 10:58:04,521 - WARNING - Erreur fetch body mail #18 : command: FETCH => unexpected response: b'ocECSKHKHBAkihyhwQJIococECSKHKHBAkihyhwQJIococECSKHKHBAkihyhwQJIococECSKHKHB'
2025-06-21 10:58:04,521 - WARNING - Erreur fetch body mail #19 : command: FETCH => unexpected response: b'AkihyhwQJIococECSKHKHBAkihyhwQJIococECSKHKHBAkihyhwQJIococECSKHKHBAkihyhwQJI'
2025-06-21 10:58:04,521 - WARNING - Erreur fetch body mail #20 : command: FETCH => unexpected response: b'ococECSKHKHBAkihyhwQJIococECSKHKHBAkihyhwQJIococECSKHKHBAkihyhwQJIococECSKHK'
2025-06-21 10:58:04,521 - WARNING - Erreur fetch body mail #21 : command: FETCH => unexpected response: b'HBAkihyhwQJIococECSKHKHBAkihyhwQJIococECSKHKHBAkihyhwQJIococECSKHKHBAkihyhwQ'
2025-06-21 10:58:04,521 - WARNING - Erreur fetch body mail #22 : command: FETCH => unexpected response: b'JIococECSKHKHBAkihyhwQJIococECSKHKHBAkihyhwQJIococECSKHKHBAkihyhwQJIococECSK'
2025-06-21 10:58:04,521 - WARNING - Erreur fetch body mail #23 : command: FETCH => unexpected response: b'HKHBAkihyhwQJIococECSKHKHBAkihyhwQJIococECSKHKHBAkihyhwQJIococECSKHKHBAkihyh'
2025-06-21 10:58:04,521 - WARNING - Erreur fetch body mail #24 : command: FETCH => unexpected response: b'wQJIococECSKHKHBAkihyhwQJIococECSKHKHBAkihyhwQJIococECSKHKHBAkihyhwQJIococEC'
2025-06-21 10:58:04,521 - WARNING - Erreur fetch body mail #25 : command: FETCH => unexpected response: b'SKHKHBAkihyhwQJIococECSKHKHBAkihyhwQJIococECSKHKHBAkihyhwQJIococECSKHKHBAkih'
2025-06-21 10:58:04,521 - WARNING - Erreur fetch body mail #26 : command: FETCH => unexpected response: b'yhwQJIococECSKHKHBAkihyhwQJIococECSKHKHBAkihyhwQJIococECSKHKHBAkihyhwQJIococ'
2025-06-21 10:58:04,521 - WARNING - Erreur fetch body mail #27 : command: FETCH => unexpected response: b'ECSKHKHBAkihyhwQJIococECSKHKHBAkihyhwQJIococECSKHKHBAkihyhwQJIococECSKHKHBAk'
2025-06-21 10:58:04,521 - WARNING - Erreur fetch body mail #28 : command: FETCH => unexpected response: b'ihyhwQJIococECSKHKHBAkihyhwQJIococECSKHKHBAkihyhwQJIococECSKHKHBAkihyhwQJIoc'
2025-06-21 10:58:04,521 - WARNING - Erreur fetch body mail #29 : command: FETCH => unexpected response: b'ocECSKHKHBAkihyhwQJIococECSKHKHBAkihyhwQJIococECSKHKHBAkihyhwQJIococECSKHKHB'
2025-06-21 10:58:04,521 - WARNING - Erreur fetch body mail #30 : command: FETCH => unexpected response: b'AkihyhwQJIococECSKHKHBAkihyhwQJIococECSKHKHBAkihyhwQJIococECSKHKHBAkihyhwQJI'
2025-06-21 10:58:04,521 - WARNING - Erreur fetch body mail #31 : command: FETCH => unexpected response: b'ococECSKHKHBAkihyhwQJIococECSKHKHBAkihyhwQJIococECSKHKHBAkihyhwQJIococECSKHK'
2025-06-21 10:58:04,521 - WARNING - Erreur fetch body mail #32 : command: FETCH => unexpected response: b'HBAkihyhwQJIococECSKHKHBAkihyhwQJIococECSKHKHBAkihyhwQJIococECSKHKHBAkihyhwQ'
2025-06-21 10:58:04,521 - WARNING - Erreur fetch body mail #33 : command: FETCH => unexpected response: b'JIococECSKHKHBAkihyhwQJIococECSKHKHBAkihyhwQJIococECSKHKHBAkihyhwQJIococECSK'
2025-06-21 10:58:04,521 - WARNING - Erreur fetch body mail #34 : command: FETCH => unexpected response: b'HKHBAkihyhwQJIococECSKHKHBAkihyhwQJIococECSKHKHBAkihyhwQJIococECSKHKHBAkihyh'
2025-06-21 10:58:04,521 - WARNING - Erreur fetch body mail #35 : command: FETCH => unexpected response: b'wQJIococECSKHKHBAkihyhwQJIococECSKHKHBAkihyhwQJIococECSKHKHBAkihyhwQJIococEC'
2025-06-21 10:58:04,522 - WARNING - Erreur fetch body mail #36 : command: FETCH => unexpected response: b'SKHKHBAkihyhwQJIococECSKHKHBAkihyhwQJIococECSKHKHBAkihyhwQJIococECSKHKHBAkih'
2025-06-21 10:58:04,522 - WARNING - Erreur fetch body mail #37 : command: FETCH => unexpected response: b'yhwQJIococECSKHKHBAkihyhwQJIococECSKHKHBAkihyhwQJIococECSKHKHBAkihyhwQJIococ'
2025-06-21 10:58:04,527 - WARNING - Erreur fetch body mail #38 : command: FETCH => unexpected response: b'ECSKHKHBAkihyhwQJIococECSKHKHBAkihyhwQJIococECSKHKHBAkihyhwQJIococECSKHKHBAk'
2025-06-21 10:58:04,527 - WARNING - Erreur fetch body mail #39 : command: FETCH => unexpected response: b'ihyhwQJIococECSKHKHBAkihyhwQJIococECSKHKHBAkihyhwQJIococECSKHKHBAkihyhwQJIoc'
2025-06-21 10:58:04,527 - WARNING - Erreur fetch body mail #40 : command: FETCH => unexpected response: b'ocECSKHKHBAkihyhwQJIococECSKHKHBAkihyhwQJIococECSKHKHBAkihyhwQJIococECSKHKHB'
2025-06-21 10:58:04,527 - WARNING - Erreur fetch body mail #41 : command: FETCH => unexpected response: b'AkihyhwQJIococECSKHKHBAkihyhwQJIococECSKHKHBAkihyhwQJIococECSKHKHBAkihyhwQJI'
2025-06-21 10:58:04,527 - WARNING - Erreur fetch body mail #42 : command: FETCH => unexpected response: b'ococECSKHKHBAkihyhwQJIococECSKHKHBAkihyhwQJIococECSKHKHBAkihyhwQJIococECSKHK'
2025-06-21 10:58:04,527 - WARNING - Erreur fetch body mail #43 : command: FETCH => unexpected response: b'HBAkihyhwQJIococECSKHKHBAkihyhwQJIococECSKHKHBAkihyhwQJIococECSKHKHBAkihyhwQ'
2025-06-21 10:58:04,527 - WARNING - Erreur fetch body mail #44 : command: FETCH => unexpected response: b'JIococECSKHKHBAkihyhwQJIococECSKHKHBAkihyhwQJIococECSKHKHBAkihyhwQJIococECSK'
2025-06-21 10:58:04,527 - WARNING - Erreur fetch body mail #45 : command: FETCH => unexpected response: b'HKHBAkihyhwQJIococECSKHKHBAkihyhwQJIococECSKHKHBAkihyhwQJIococECSKHKHBAkihyh'
2025-06-21 10:58:04,527 - WARNING - Erreur fetch body mail #46 : command: FETCH => unexpected response: b'wQJIococECSKHKHBAkihyhwQJIococECSKHKHBAkihyhwQJIococECSKHKHBAkihyhwQJIococEC'
2025-06-21 10:58:04,527 - WARNING - Erreur fetch body mail #47 : command: FETCH => unexpected response: b'SKHKHBAkihyhwQJIococECSKHKHBAkihyhwQJIococECSKHKHBAkihyhwQJIococECSKHKHBAkih'
2025-06-21 10:58:04,527 - WARNING - Erreur fetch body mail #48 : command: FETCH => unexpected response: b'yhwQJIococECSKHKHBAkihyhwQJIococECSKHKHBAkihyhwQJIococECSKHKHBAkihyhwQJIococ'
2025-06-21 10:58:04,527 - WARNING - Erreur fetch body mail #49 : command: FETCH => unexpected response: b'ECSKHKHBAkihyhwQJIococECSKHKHBAkihyhwQJIococECSKHKHBAkihyhwQJIococECSKHKHBAk'
2025-06-21 10:58:04,527 - WARNING - Erreur fetch body mail #50 : command: FETCH => unexpected response: b'ihyhwQJIococECSKHKHBAkihyhwQJIococECSKHKHBAkihyhwQJIococECSKHKHBAkihyhwQJIoc'
2025-06-21 10:58:04,527 - WARNING - Erreur fetch body mail #51 : command: FETCH => unexpected response: b'ocECSKHKHBAkihyhwQJIococECSKHKHBAkihyhwQJIococECSKHKHBAkihyhwQJIococECSKHKHB'
2025-06-21 10:58:04,527 - WARNING - Erreur fetch body mail #52 : command: FETCH => unexpected response: b'AkihyhwQJIococECSKHKHBAkihyhwQJIococECSKHKHBAkihyhwQJIococECSKHKHBAkihyhwQJI'
2025-06-21 10:58:04,527 - WARNING - Erreur fetch body mail #53 : command: FETCH => unexpected response: b'ococECSKHKHBAkihyhwQJIococECSKHKHBAkihyhwQJIococECSKHKHBAkihyhwQJIococECSKHK'
2025-06-21 10:58:04,527 - WARNING - Erreur fetch body mail #54 : command: FETCH => unexpected response: b'HBAkihyhwQJIococECSKHKHBAkihyhwQJIococECSKHKHBAkihyhwQJIococECSKHKHBAkihyhwQ'
2025-06-21 10:58:04,528 - WARNING - Erreur fetch body mail #55 : command: FETCH => unexpected response: b'JIococECSKHKHBAkihyhwQJIococECSKHKHBAkihyhwQJIococECSKHKHBAkihyhwQJIococECSK'
2025-06-21 10:58:04,528 - WARNING - Erreur fetch body mail #56 : command: FETCH => unexpected response: b'HKHBAkihyhwQJIococECSKHKHBAkihyhwQJIococECSKHKHBAkihyhwQJIococECSKHKHBAkihyh'
2025-06-21 10:58:04,528 - WARNING - Erreur fetch body mail #57 : command: FETCH => unexpected response: b'wQJIococECSKHKHBAkihyhwQJIococECSKHKHBAkihyhwQJIococECSKHKHBAkihyhwQJIococEC'
2025-06-21 10:58:04,528 - WARNING - Erreur fetch body mail #58 : command: FETCH => unexpected response: b'SKHKHBAkihyhwQJIococECSKHKHBAkihyhwQJIococECSKHKHBAkihyhwQJIococECSKHKHBAkih'
2025-06-21 10:58:04,528 - WARNING - Erreur fetch body mail #59 : command: FETCH => unexpected response: b'yhwQJIococECSKHKHBAkihyhwQJIococECSKHKHBAkihyhwQJIococECSKHKHBAkihyhwQJIococ'
2025-06-21 10:58:04,532 - WARNING - Erreur fetch body mail #60 : command: FETCH => unexpected response: b'ECSKHKHBAkihyhwQJIococECSKHKHBAkihyhwQJIococECSKHKHBAkihyhwQJIococECSKHKHBAk'
2025-06-21 10:58:04,532 - WARNING - Erreur fetch body mail #61 : command: FETCH => unexpected response: b'ihyhwQJIococECSKHKHBAkihyhwQJIococECSKHKHBAkihyhwQJIococECSKHKHBAkihyhwQJIoc'
2025-06-21 10:58:04,532 - WARNING - Erreur fetch body mail #62 : command: FETCH => unexpected response: b'ocECSKHKHBAkihyhwQJIococECSKHKHBAkihyhwQJIococECSKHKHBAkihyhwQJIococECSKHKHB'
2025-06-21 10:58:04,532 - WARNING - Erreur fetch body mail #63 : command: FETCH => unexpected response: b'AkihyhwQJIococECSKHKHBAkihyhwQJIococECSKHKHBAkihyhwQJIococECSKHKHBAkihyhwQJI'
2025-06-21 10:58:04,532 - WARNING - Erreur fetch body mail #64 : command: FETCH => unexpected response: b'ococECSKHKHBAkihyhwQJIococECSKHKHBAkihyhwQJIococECSKHKHBAkihyhwQJIococECSKHK'
2025-06-21 10:58:04,532 - WARNING - Erreur fetch body mail #65 : command: FETCH => unexpected response: b'HBAkihyhwQJIococECSKHKHBAkihyhwQJIococECSKHKHBAkihyhwQJIococECSKHKHBAkihyhwQ'
2025-06-21 10:58:04,532 - WARNING - Erreur fetch body mail #66 : command: FETCH => unexpected response: b'JIococECSKHKHBAkihyhwQJIococECSKHKHBAkihyhwQJIococECSKHKHBAkihyhwQJIococECSK'
2025-06-21 10:58:04,532 - WARNING - Erreur fetch body mail #67 : command: FETCH => unexpected response: b'HKHBAkihyhwQJIococECSKHKHBAkihyhwQJIococECSKHKHBAkihyhwQJIococECSKHKHBAkihyh'
2025-06-21 10:58:04,532 - WARNING - Erreur fetch body mail #68 : command: FETCH => unexpected response: b'wQJIococECSKHKHBAkihyhwQJIococECSKHKHBAkihyhwQJIococECSKHKHBAkihyhwQJIococEC'
2025-06-21 10:58:04,532 - WARNING - Erreur fetch body mail #69 : command: FETCH => unexpected response: b'SKHKHBAkihyhwQJIococECSKHKHBAkihyhwQJIococECSKHKHBAkihyhwQJIococECSKHKHBAkih'
2025-06-21 10:58:04,532 - WARNING - Erreur fetch body mail #70 : command: FETCH => unexpected response: b'yhwQJIococECSKHKHBAkihyhwQJIococECSKHKHBAkihyhwQJIococECSKHKHBAkihyhwQJIococ'
2025-06-21 10:58:04,532 - WARNING - Erreur fetch body mail #71 : command: FETCH => unexpected response: b'ECSKHKHBAkihyhwQJIococECSKHKHBAkihyhwQJIococECSKHKHBAkihyhwQJIococECSKHKHBAk'
2025-06-21 10:58:04,532 - WARNING - Erreur fetch body mail #72 : command: FETCH => unexpected response: b'ihyhwQJIococECSKHKHBAkihyhwQJIococECSKHKHBAkihyhwQJIococECSKHKHBAkihyhwQJIoc'
2025-06-21 10:58:04,532 - WARNING - Erreur fetch body mail #73 : command: FETCH => unexpected response: b'ocECSKHKHBAkihyhwQJIococECSKHKHBAkihyhwQJIococECSKHKHBAkihyhwQJIococECSKHKHB'
2025-06-21 10:58:04,532 - WARNING - Erreur fetch body mail #74 : command: FETCH => unexpected response: b'AkihyhwQJIococECSKHKHBAkihyhwQJIococECSKHKHBAkihyhwQJIococECSKHKHBAkihyhwQJI'
2025-06-21 10:58:04,532 - WARNING - Erreur fetch body mail #75 : command: FETCH => unexpected response: b'ococECSKHKHBAkihyhwQJIococECSKHKHBAkihyhwQJIococECSKHKHBAkihyhwQJIococECSKHK'
2025-06-21 10:58:04,532 - WARNING - Erreur fetch body mail #76 : command: FETCH => unexpected response: b'HBAkihyhwQJIococECSKHKHBAkihyhwQJIococECSKHKHBAkihyhwQJIococECSKHKHBAkihyhwQ'
2025-06-21 10:58:04,532 - WARNING - Erreur fetch body mail #77 : command: FETCH => unexpected response: b'JIococECSKHKHBAkihyhwQJIococECSKHKHBAkihyhwQJIococECSKHKHBAkihyhwQJIococECSK'
2025-06-21 10:58:04,532 - WARNING - Erreur fetch body mail #78 : command: FETCH => unexpected response: b'HKHBAkihyhwQJIococECSKHKHBAkihyhwQJIococECSKHKHBAkihyhwQJIococECSKHKHBAkihyh'
2025-06-21 10:58:04,532 - WARNING - Erreur fetch body mail #79 : command: FETCH => unexpected response: b'wQJIococECSKHKHBAkihyhwQJIococECSKHKHBAkihyhwQJIococECSKHKHBAkihyhwQJIococEC'
2025-06-21 10:58:04,532 - WARNING - Erreur fetch body mail #80 : command: FETCH => unexpected response: b'SKHKHBAkihyhwQJIococECSKHKHBAkihyhwQJIococECSKHKHBAkihyhwQJIococECSKHKHBAkih'
2025-06-21 10:58:04,533 - WARNING - Erreur fetch body mail #81 : command: FETCH => unexpected response: b'yhwQJIococECSKHKHBAkihyhwQJIococECSKHKHBAkihyhwQJIococECSKHKHBAkihyhwQJIococ'
2025-06-21 10:58:04,536 - WARNING - Erreur fetch body mail #82 : command: FETCH => unexpected response: b'ECSKHKHBAkihyhwQJIococECSKHKHBAkihyhwQJIococECSKHKHBAkihyhwQJIococECSKHKHKHK'
2025-06-21 10:58:04,536 - WARNING - Erreur fetch body mail #83 : command: FETCH => unexpected response: b'HKHKHKHKHKHCVCItNNNNNNNNNNNNNNNNNNNNNNNNNNNNNNNNNNNNNNNNNNNNNNNNNNNNNNNNNNNN'
2025-06-21 10:58:04,536 - INFO - Tentative de sélection du dossier:  (encodé: )
2025-06-21 10:58:04,536 - WARNING - Erreur select dossier  : command: EXAMINE => unexpected response: b'NNNNNNNNNNNNNNNNNNNNNNNNNNNNNNNNNNNNNNNNNNNNNNNNNNNNNNNNNNNNNNNNNNNNNNNNNNNN'
2025-06-21 10:58:04,536 - INFO - Tentative de sélection du dossier:  (encodé: )
2025-06-21 10:58:04,536 - WARNING - Erreur select dossier  : command: EXAMINE => unexpected response: b'NNNNNNNNNNNNNNNNNNNNNNNNNNNNNNNNNNNNNNNNNNNNNNNNNNNNNNNNNNNNNNNNNNNNNNNNNNNN'
2025-06-21 10:58:04,536 - INFO - Tentative de sélection du dossier: Brouillons (encodé: Brouillons)
2025-06-21 10:58:04,536 - WARNING - Erreur select dossier Brouillons : command: EXAMINE => unexpected response: b'NNNNNNNNNNNNNNNNNNNNNNNNNNNNNNNNNNNNNNNNNNNNNNNNNNNNNNNNNNNNNNNNNNNNNNNNNNNN'
2025-06-21 10:58:04,536 - INFO - Tentative de sélection du dossier: CIAMT (encodé: CIAMT)
2025-06-21 10:58:04,536 - WARNING - Erreur select dossier CIAMT : command: EXAMINE => unexpected response: b'NNNNNNNNNNNNNNNNNNNNNNNNNNNNNNNNNNNNNNNNNNNNNNNNNNNNNNNNNNNNNNNNNNNNNNNNNNNN'
2025-06-21 10:58:04,536 - INFO - Tentative de sélection du dossier: CONTACT (encodé: CONTACT)
2025-06-21 10:58:04,536 - WARNING - Erreur select dossier CONTACT : command: EXAMINE => unexpected response: b'NNNNNNNNNNNNNNNNNNNNNNNNNNNNNNNNNNNNNNNNNNNNNNNNNNNNNNNNNNNNNNNNNNNNNNNNNNNN'
2025-06-21 10:58:04,536 - INFO - Tentative de sélection du dossier: Corbeille (encodé: Corbeille)
2025-06-21 10:58:04,536 - WARNING - Erreur select dossier Corbeille : command: EXAMINE => unexpected response: b'NNNNNNNNNNNNNNNNNNNNNNNNNNNNNNNNNNNNNNNNNNNNNNNNNNNNNNNNNNNNNNNNNNNNNNNNNNNN'
2025-06-21 10:58:04,536 - INFO - Tentative de sélection du dossier: DANONE (encodé: DANONE)
2025-06-21 10:58:04,536 - WARNING - Erreur select dossier DANONE : command: EXAMINE => unexpected response: b'NNNNNNNNNNNNNNNNNNNNNNNNNNNNNNNNNNNNNNNNNNNNNNNNNNNNNNNNNNNNNNNNNNNNNNNNNNNN'
2025-06-21 10:58:04,536 - INFO - Tentative de sélection du dossier: FOURNISSEURS (encodé: FOURNISSEURS)
2025-06-21 10:58:04,536 - WARNING - Erreur select dossier FOURNISSEURS : command: EXAMINE => unexpected response: b'NNNNNNNNNNNNNNNNNNNNNNNNNNNNNNNNNNNNNNNNNNNNNNNNNNNNNNNNNNNNNNNNNNNNNNNNNNNN'
2025-06-21 10:58:04,536 - INFO - Tentative de sélection du dossier: INBOX (encodé: INBOX)
2025-06-21 10:58:04,536 - WARNING - Erreur select dossier INBOX : command: EXAMINE => unexpected response: b'NNNNNNNNNNNNNNNNNNNNNNNNNNNNNNNNNNNNNNNNNNNNNNNNNNNNNNNNNNNNNNNNNNNNNNNNNNNN'
2025-06-21 10:58:04,536 - INFO - Tentative de sélection du dossier: INBOX/CEGID (encodé: INBOX/CEGID)
2025-06-21 10:58:04,536 - WARNING - Erreur select dossier INBOX/CEGID : command: EXAMINE => unexpected response: b'NNNNNNNNNNNNNNNNNNNNNNNNNNNNNNNNNNNNNNNNNNNNNNNNNNNNNNNNNNNNNNNNNNNNNNNNNNNN'
2025-06-21 10:58:04,536 - INFO - Tentative de sélection du dossier:  (encodé: )
2025-06-21 10:58:04,537 - WARNING - Erreur select dossier  : command: EXAMINE => unexpected response: b'NNNNNNNNNNNNNNNNNNNNNNNNNNNNNNNNNNNNNNNNNNNNNNNNNNNNNNNNNNNNNNNNNNNNNNNNNNNN'
2025-06-21 10:58:04,537 - INFO - Tentative de sélection du dossier:  (encodé: )
2025-06-21 10:58:04,537 - WARNING - Erreur select dossier  : command: EXAMINE => unexpected response: b'NNNNNNNNNNNNNNNNNNNNNNNNNNNNNNNNNNNNNNNNNNNNNNNNNNNNNNNNNNNNNNNNNNNNNNNNNNNN'
2025-06-21 10:58:04,537 - INFO - Tentative de sélection du dossier: LOCAM (encodé: LOCAM)
2025-06-21 10:58:04,537 - WARNING - Erreur select dossier LOCAM : command: EXAMINE => unexpected response: b'NNNNNNNNNNNNNNNNNNNNNNNNNNNNNNNNNNNNNNNNNNNNNNNNNNNNNNNNNNNNNNNNNNNNNNNNNNNN'
2025-06-21 10:58:04,537 - INFO - Tentative de sélection du dossier:  (encodé: )
2025-06-21 10:58:04,539 - WARNING - Erreur select dossier  : command: EXAMINE => unexpected response: b'NNNNNNNNNNNNNNNNNNNNNNNNNNNNNNNNNNNNNNNNNNNNNNNNNNNNNNNNNNNNNNNNNNNNNNNNNNNN'
2025-06-21 10:58:04,539 - INFO - Tentative de sélection du dossier:  (encodé: )
2025-06-21 10:58:04,539 - WARNING - Erreur select dossier  : command: EXAMINE => unexpected response: b'NNNNNNNNNNNNNNNNNNNNNNNNNNNNNNNNNNNNNNNNNNNNNNNNNNNNNNNNNNNNNNNNNNNNNNNNNNNN'
2025-06-21 10:58:04,540 - INFO - Tentative de sélection du dossier:  (encodé: )
2025-06-21 10:58:04,540 - WARNING - Erreur select dossier  : command: EXAMINE => unexpected response: b'NNNNNNNNNNNNNNNNNNNNNNNNNNNNNNNNNNNNNNNNNNNNNNNNNNNNNNNNNNNNNNNNNNNNNNNNNNNN'
2025-06-21 10:58:04,540 - INFO - Tentative de sélection du dossier:  (encodé: )
2025-06-21 10:58:04,540 - WARNING - Erreur select dossier  : command: EXAMINE => unexpected response: b'NNNNNNNNNNNNNNNNNNNNNNNNNNNNNNNNNNNNNNNNNNNNNNNNNNNNNNNNNNNNNNNNNNNNNNNNNNNN'
2025-06-21 10:58:04,540 - INFO - Tentative de sélection du dossier: PROPRETIX (encodé: PROPRETIX)
2025-06-21 10:58:04,540 - WARNING - Erreur select dossier PROPRETIX : command: EXAMINE => unexpected response: b'NNNNNNNNNNNNNNNNNNNNNNNNNNNNNNNNNNNNNNNNNNNNNNNNNNNNNNNNNNNNNNNNNNNNNNNNNNNN'
2025-06-21 10:58:04,540 - INFO - Tentative de sélection du dossier: SAFIR (encodé: SAFIR)
2025-06-21 10:58:04,540 - WARNING - Erreur select dossier SAFIR : command: EXAMINE => unexpected response: b'NNNNNNNNNNNNNNNNNNNNNNNNNNNNNNNNNNNNNNNNNNNNNNNNNNNNNNNNNNNNNNNNNNCIjnHKHBAk'
2025-06-21 10:58:04,540 - INFO - Tentative de sélection du dossier: SCANS (encodé: SCANS)
2025-06-21 10:58:04,540 - WARNING - Erreur select dossier SCANS : command: EXAMINE => unexpected response: b'gQJIECSBAkgQJIECSBAkgQJIECSBAkgQJIECSBAkgQJIECSBAkgQJIECSBAkgQJIECSBAkgQJIEC'
2025-06-21 10:58:04,540 - INFO - Tentative de sélection du dossier: SOGEDICOM (encodé: SOGEDICOM)
2025-06-21 10:58:04,540 - WARNING - Erreur select dossier SOGEDICOM : command: EXAMINE => unexpected response: b'SBAkgQJIECSBAkgQJIECSBAkgQJIECSBAkgQJIECSBAkgQJIECSBAkgQJIECSBAkgQJIECSBAkgQ'
2025-06-21 10:58:04,540 - INFO - Tentative de sélection du dossier: Spam (encodé: Spam)
2025-06-21 10:58:04,540 - WARNING - Erreur select dossier Spam : command: EXAMINE => unexpected response: b'JIECSBAkgQJIECSBAkgQJIECSBAkgQJIECSBAkgQJIECSBAkgQJIECSBAkgQJIECSBAkgQJIECSB'
2025-06-21 10:58:04,540 - INFO - Tentative de sélection du dossier: TRADUCTEURS (encodé: TRADUCTEURS)
2025-06-21 10:58:04,540 - WARNING - Erreur select dossier TRADUCTEURS : command: EXAMINE => unexpected response: b'AkgQJIECSBAkgQJIECSBAkgQJIECSBAkgQJIECSBAkgQJIECSBAkgQJIECSBAkgQJIECSBAkgQJI'
2025-06-21 10:58:04,540 - INFO - Tentative de sélection du dossier:  (encodé: )
2025-06-21 10:58:04,540 - WARNING - Erreur select dossier  : command: EXAMINE => unexpected response: b'ECSBAkgQJIECSBAkgQJIECSBAkgQJIECSBAkgQJIECSBAkgQJIECSBAkgQJIECSBAkgQJIECSBAk'
2025-06-21 10:58:04,540 - INFO - Tentative de sélection du dossier:  (encodé: )
2025-06-21 10:58:04,540 - WARNING - Erreur select dossier  : command: EXAMINE => unexpected response: b'gQJIECSBAkgQJIECSBAkgQJIECSBAkgQJIECSBAkgQJIECSBAkgQJIECSBAkgQJIECSBAkgQJIEC'
2025-06-21 10:58:04,540 - INFO - Tentative de sélection du dossier:  (encodé: )
2025-06-21 10:58:04,540 - WARNING - Erreur select dossier  : command: EXAMINE => unexpected response: b'SBAkgQJIECSBAkgQJIECSBAkgQJIECSBAkgQJIECSBAkgQJIECSBAkgQJIECSBAkgQJIECSBAkgQ'
2025-06-21 10:58:09,755 - INFO - Tentative de sélection du dossier:  (encodé: )
2025-06-21 10:58:09,876 - WARNING - Erreur select dossier  : EXAMINE command error: BAD [b'unexpected end of data']
2025-06-21 10:58:09,876 - INFO - Tentative de sélection du dossier:  (encodé: )
2025-06-21 10:58:10,000 - WARNING - Erreur select dossier  : EXAMINE command error: BAD [b'unexpected end of data']
2025-06-21 10:58:10,000 - INFO - Tentative de sélection du dossier: Archive (encodé: Archive)
2025-06-21 10:59:09,796 - INFO - Tentative de sélection du dossier:  (encodé: )
2025-06-21 10:59:09,951 - WARNING - Erreur select dossier  : EXAMINE command error: BAD [b'unexpected end of data']
2025-06-21 10:59:09,951 - INFO - Tentative de sélection du dossier:  (encodé: )
2025-06-21 10:59:10,099 - WARNING - Erreur select dossier  : EXAMINE command error: BAD [b'unexpected end of data']
2025-06-21 10:59:10,099 - INFO - Tentative de sélection du dossier: Brouillons (encodé: Brouillons)
2025-06-21 10:59:10,398 - INFO - Tentative de sélection du dossier: CIAMT (encodé: CIAMT)
2025-06-21 10:59:13,422 - INFO - Tentative de sélection du dossier: CONTACT (encodé: CONTACT)
2025-06-21 10:59:45,714 - INFO - Tentative de sélection du dossier: Corbeille (encodé: Corbeille)
2025-06-21 10:59:57,881 - INFO - Tentative de sélection du dossier: DANONE (encodé: DANONE)
2025-06-21 10:59:58,131 - INFO - Tentative de sélection du dossier: FOURNISSEURS (encodé: FOURNISSEURS)
2025-06-21 11:00:38,915 - INFO - Tentative de sélection du dossier: Archive (encodé: Archive)
2025-06-21 11:06:35,836 - WARNING - Erreur select dossier "Boîte d'envoi" : 'ascii' codec can't encode character '\xee' in position 3: ordinal not in range(128)
2025-06-21 11:06:35,837 - WARNING - Erreur select dossier "Boîte d'envoi/Boîte de réception" : 'ascii' codec can't encode character '\xee' in position 3: ordinal not in range(128)
2025-06-21 11:13:13,047 - INFO - Sélection dossier: 'A TRAITER' -> '"A TRAITER"'
2025-06-21 11:13:13,292 - WARNING - Erreur select dossier A TRAITER : EXAMINE command error: BAD [b'expected end of data instead of " TRAITER"']
2025-06-21 11:13:13,292 - INFO - Sélection dossier: 'ALLANCE NOTAIRES' -> '"ALLANCE NOTAIRES"'
2025-06-21 11:13:19,691 - INFO - Sélection dossier: 'INBOX' -> 'INBOX'
2025-06-21 11:13:23,109 - INFO - Sélection dossier: 'INBOX' -> 'INBOX'
2025-06-21 11:14:09,452 - INFO - Sélection dossier: 'A TRAITER' -> '"A TRAITER"'
2025-06-21 11:14:09,759 - WARNING - Erreur select dossier A TRAITER : EXAMINE command error: BAD [b'expected end of data instead of " TRAITER"']
2025-06-21 11:14:09,759 - INFO - Sélection dossier: 'ALLANCE NOTAIRES' -> '"ALLANCE NOTAIRES"'
2025-06-21 11:17:52,720 - INFO - Sélection dossier: 'Archive' -> 'Archive'
2025-06-21 11:18:32,097 - ERROR - Échec sélection dossier A TRAITER: EXAMINE command error: BAD [b'expected end of data instead of "%20TRAITER"']
2025-06-21 11:18:33,348 - ERROR - Échec sélection dossier A TRAITER: EXAMINE command error: BAD [b'expected end of data instead of "%20TRAITER"']
2025-06-21 11:18:34,597 - ERROR - Échec sélection dossier A TRAITER: EXAMINE command error: BAD [b'expected end of data instead of "%20TRAITER"']
